<?xml version="1.0" encoding="utf-8"?><testsuites name="pytest tests"><testsuite name="pytest" errors="0" failures="0" skipped="0" tests="13" time="3.881" timestamp="2026-01-12T19:54:36.984776+00:00" hostname="agent-env-9304a5ee-1a3b-4e44-ae61-f7bf179f325e"><testcase classname="tests.test_invoices_pdf_bulk.TestAuth" name="test_login_success" time="0.319" /><testcase classname="tests.test_invoices_pdf_bulk.TestInvoiceSettings" name="test_get_invoice_settings" time="0.298" /><testcase classname="tests.test_invoices_pdf_bulk.TestInvoiceSettings" name="test_update_invoice_settings" time="0.113" /><testcase classname="tests.test_invoices_pdf_bulk.TestInvoicePDF" name="test_pdf_download_returns_200" time="0.683" /><testcase classname="tests.test_invoices_pdf_bulk.TestInvoicePDF" name="test_pdf_content_type" time="0.265" /><testcase classname="tests.test_invoices_pdf_bulk.TestInvoicePDF" name="test_pdf_has_content" time="0.269" /><testcase classname="tests.test_invoices_pdf_bulk.TestInvoicePDF" name="test_pdf_filename_in_header" time="0.265" /><testcase classname="tests.test_invoices_pdf_bulk.TestBulkDelete" name="test_create_multiple_invoices_for_bulk_delete" time="0.400" /><testcase classname="tests.test_invoices_pdf_bulk.TestBulkDelete" name="test_delete_single_invoice" time="0.119" /><testcase classname="tests.test_invoices_pdf_bulk.TestBulkDelete" name="test_bulk_delete_multiple_invoices" time="0.335" /><testcase classname="tests.test_invoices_pdf_bulk.TestDevisCreation" name="test_create_devis_returns_dev_prefix" time="0.334" /><testcase classname="tests.test_invoices_pdf_bulk.TestDevisCreation" name="test_create_facture_returns_fac_prefix" time="0.039" /><testcase classname="tests.test_invoices_pdf_bulk.TestDiscountFormat" name="test_fixed_discount_stored_correctly" time="0.363" /></testsuite></testsuites>