<?xml version="1.0" encoding="utf-8"?><testsuites name="pytest tests"><testsuite name="pytest" errors="0" failures="0" skipped="0" tests="27" time="8.755" timestamp="2026-02-04T00:47:33.725571+00:00" hostname="agent-env-26c8fdaa-32bd-4cd1-8eab-58ade0b5c554"><testcase classname="backend.tests.test_analytics_dashboard_iteration54.TestAnalyticsDashboard" name="test_dashboard_endpoint_returns_200" time="0.367" /><testcase classname="backend.tests.test_analytics_dashboard_iteration54.TestAnalyticsDashboard" name="test_dashboard_with_period_month" time="0.312" /><testcase classname="backend.tests.test_analytics_dashboard_iteration54.TestAnalyticsDashboard" name="test_dashboard_with_period_week" time="0.317" /><testcase classname="backend.tests.test_analytics_dashboard_iteration54.TestAnalyticsDashboard" name="test_dashboard_with_period_year" time="0.316" /><testcase classname="backend.tests.test_analytics_dashboard_iteration54.TestAnalyticsDashboard" name="test_revenue_chart_returns_200" time="0.306" /><testcase classname="backend.tests.test_analytics_dashboard_iteration54.TestAnalyticsDashboard" name="test_revenue_chart_response_structure" time="0.302" /><testcase classname="backend.tests.test_analytics_dashboard_iteration54.TestAnalyticsDashboard" name="test_revenue_chart_with_different_granularities" time="0.384" /><testcase classname="backend.tests.test_analytics_dashboard_iteration54.TestAnalyticsDashboard" name="test_leads_funnel_returns_200" time="0.303" /><testcase classname="backend.tests.test_analytics_dashboard_iteration54.TestAnalyticsDashboard" name="test_leads_funnel_response_structure" time="0.300" /><testcase classname="backend.tests.test_analytics_dashboard_iteration54.TestAnalyticsDashboard" name="test_top_clients_returns_200" time="0.304" /><testcase classname="backend.tests.test_analytics_dashboard_iteration54.TestAnalyticsDashboard" name="test_top_clients_response_structure" time="0.303" /><testcase classname="backend.tests.test_analytics_dashboard_iteration54.TestAnalyticsDashboard" name="test_top_clients_with_limit" time="0.424" /><testcase classname="backend.tests.test_analytics_dashboard_iteration54.TestAnalyticsDashboard" name="test_activity_timeline_returns_200" time="0.382" /><testcase classname="backend.tests.test_analytics_dashboard_iteration54.TestAnalyticsDashboard" name="test_activity_timeline_response_structure" time="0.300" /><testcase classname="backend.tests.test_analytics_dashboard_iteration54.TestAnalyticsDashboard" name="test_activity_timeline_with_limit" time="0.342" /><testcase classname="backend.tests.test_analytics_dashboard_iteration54.TestAnalyticsDashboard" name="test_kpi_trends_returns_200" time="0.343" /><testcase classname="backend.tests.test_analytics_dashboard_iteration54.TestAnalyticsDashboard" name="test_kpi_trends_response_structure" time="0.316" /><testcase classname="backend.tests.test_analytics_dashboard_iteration54.TestAnalyticsDashboard" name="test_export_json_returns_200" time="0.306" /><testcase classname="backend.tests.test_analytics_dashboard_iteration54.TestAnalyticsDashboard" name="test_export_json_response_structure" time="0.301" /><testcase classname="backend.tests.test_analytics_dashboard_iteration54.TestAnalyticsDashboard" name="test_export_csv_returns_200" time="0.303" /><testcase classname="backend.tests.test_analytics_dashboard_iteration54.TestAnalyticsDashboard" name="test_dashboard_requires_auth" time="0.298" /><testcase classname="backend.tests.test_analytics_dashboard_iteration54.TestAnalyticsDashboard" name="test_revenue_chart_requires_auth" time="0.296" /><testcase classname="backend.tests.test_analytics_dashboard_iteration54.TestAnalyticsDashboard" name="test_leads_funnel_requires_auth" time="0.297" /><testcase classname="backend.tests.test_analytics_dashboard_iteration54.TestMoltBotPage" name="test_moltbot_stats_returns_200" time="0.346" /><testcase classname="backend.tests.test_analytics_dashboard_iteration54.TestMoltBotPage" name="test_moltbot_briefing_returns_200" time="0.300" /><testcase classname="backend.tests.test_analytics_dashboard_iteration54.TestMoltBotPage" name="test_moltbot_tasks_returns_200" time="0.301" /><testcase classname="backend.tests.test_analytics_dashboard_iteration54.TestMoltBotPage" name="test_moltbot_contacts_returns_200" time="0.298" /></testsuite></testsuites>