<?xml version="1.0" encoding="utf-8"?><testsuites name="pytest tests"><testsuite name="pytest" errors="0" failures="0" skipped="0" tests="10" time="1.726" timestamp="2026-01-11T04:16:12.566771+00:00" hostname="agent-env-1cf7d851-7cb1-46fb-a8de-bcd18da979d5"><testcase classname="tests.test_transfers_api.TestAuthAndTransfers" name="test_login_success" time="0.287" /><testcase classname="tests.test_transfers_api.TestAuthAndTransfers" name="test_login_invalid_credentials" time="0.044" /><testcase classname="tests.test_transfers_api.TestAuthAndTransfers" name="test_transfers_mine_endpoint" time="0.298" /><testcase classname="tests.test_transfers_api.TestAuthAndTransfers" name="test_transfers_stats_endpoint" time="0.040" /><testcase classname="tests.test_transfers_api.TestAuthAndTransfers" name="test_transfers_public_invalid_id" time="0.039" /><testcase classname="tests.test_transfers_api.TestAuthAndTransfers" name="test_transfers_mine_requires_auth" time="0.033" /><testcase classname="tests.test_transfers_api.TestAuthAndTransfers" name="test_transfers_stats_requires_auth" time="0.038" /><testcase classname="tests.test_transfers_api.TestBudgetAPI" name="test_budget_summary" time="0.288" /><testcase classname="tests.test_transfers_api.TestInvoicesAPI" name="test_invoices_list" time="0.295" /><testcase classname="tests.test_transfers_api.TestAIAssistantAPI" name="test_ai_status" time="0.298" /></testsuite></testsuites>