<?xml version="1.0" encoding="utf-8"?><testsuites name="pytest tests"><testsuite name="pytest" errors="0" failures="0" skipped="0" tests="21" time="55.736" timestamp="2026-01-28T06:19:19.903678+00:00" hostname="agent-env-d00d3f16-d7fb-4f9e-8c0c-a11601c421ec"><testcase classname="backend.tests.test_multilink_module.TestMultilinkThemes" name="test_get_themes_returns_all_presets" time="0.095" /><testcase classname="backend.tests.test_multilink_module.TestMultilinkPages" name="test_list_pages_requires_auth" time="0.039" /><testcase classname="backend.tests.test_multilink_module.TestMultilinkPages" name="test_list_pages_with_auth" time="0.344" /><testcase classname="backend.tests.test_multilink_module.TestMultilinkPages" name="test_create_page_with_auto_slug" time="0.086" /><testcase classname="backend.tests.test_multilink_module.TestMultilinkPages" name="test_create_page_with_custom_slug" time="0.081" /><testcase classname="backend.tests.test_multilink_module.TestMultilinkPages" name="test_create_page_duplicate_slug_fails" time="0.125" /><testcase classname="backend.tests.test_multilink_module.TestMultilinkPages" name="test_get_page_by_id" time="0.154" /><testcase classname="backend.tests.test_multilink_module.TestMultilinkPages" name="test_get_nonexistent_page_returns_404" time="0.040" /><testcase classname="backend.tests.test_multilink_module.TestMultilinkPages" name="test_update_page" time="0.153" /><testcase classname="backend.tests.test_multilink_module.TestMultilinkPages" name="test_delete_page" time="0.150" /><testcase classname="backend.tests.test_multilink_module.TestMultilinkLinks" name="test_create_link" time="0.377" /><testcase classname="backend.tests.test_multilink_module.TestMultilinkLinks" name="test_create_link_auto_order" time="0.110" /><testcase classname="backend.tests.test_multilink_module.TestMultilinkLinks" name="test_update_link" time="0.115" /><testcase classname="backend.tests.test_multilink_module.TestMultilinkLinks" name="test_delete_link" time="0.105" /><testcase classname="backend.tests.test_multilink_module.TestMultilinkLinks" name="test_reorder_links" time="0.308" /><testcase classname="backend.tests.test_multilink_module.TestMultilinkStats" name="test_get_page_stats" time="0.365" /><testcase classname="backend.tests.test_multilink_module.TestMultilinkPublic" name="test_get_public_page_existing" time="0.036" /><testcase classname="backend.tests.test_multilink_module.TestMultilinkPublic" name="test_get_public_page_nonexistent" time="0.033" /><testcase classname="backend.tests.test_multilink_module.TestMultilinkPublic" name="test_record_click" time="0.072" /><testcase classname="backend.tests.test_multilink_module.TestMultilinkPublic" name="test_record_click_invalid_link" time="0.032" /><testcase classname="backend.tests.test_multilink_module.TestMultilinkIntegration" name="test_full_page_workflow" time="52.858" /></testsuite></testsuites>