<?xml version="1.0" encoding="utf-8"?><testsuites name="pytest tests"><testsuite name="pytest" errors="0" failures="0" skipped="0" tests="14" time="4.835" timestamp="2026-01-20T17:47:13.663557+00:00" hostname="agent-env-98ef165c-c754-4083-9785-439622036212"><testcase classname="tests.test_partial_payments_ca_encaisse.TestAuthentication" name="test_login_success" time="0.305" /><testcase classname="tests.test_partial_payments_ca_encaisse.TestPartialPaymentSystem" name="test_01_create_invoice_for_partial_payment_test" time="0.339" /><testcase classname="tests.test_partial_payments_ca_encaisse.TestPartialPaymentSystem" name="test_02_add_acompte_payment_30_percent" time="0.286" /><testcase classname="tests.test_partial_payments_ca_encaisse.TestPartialPaymentSystem" name="test_03_verify_invoice_status_is_partiel" time="0.283" /><testcase classname="tests.test_partial_payments_ca_encaisse.TestPartialPaymentSystem" name="test_04_add_solde_payment" time="0.297" /><testcase classname="tests.test_partial_payments_ca_encaisse.TestPartialPaymentSystem" name="test_05_verify_invoice_status_is_payee" time="0.292" /><testcase classname="tests.test_partial_payments_ca_encaisse.TestCAEncaisseCalculation" name="test_01_get_dashboard_stats" time="0.360" /><testcase classname="tests.test_partial_payments_ca_encaisse.TestCAEncaisseCalculation" name="test_02_verify_ca_encaisse_matches_payments" time="0.303" /><testcase classname="tests.test_partial_payments_ca_encaisse.TestPDFPaymentsSection" name="test_01_find_invoice_with_payments" time="0.276" /><testcase classname="tests.test_partial_payments_ca_encaisse.TestPDFPaymentsSection" name="test_02_generate_pdf_with_payments" time="0.569" /><testcase classname="tests.test_partial_payments_ca_encaisse.TestPDFPaymentsSection" name="test_03_verify_pdf_contains_payments_section" time="0.270" /><testcase classname="tests.test_partial_payments_ca_encaisse.TestPDFPaymentsSection" name="test_04_pdf_url_generation" time="0.880" /><testcase classname="tests.test_partial_payments_ca_encaisse.TestCleanup" name="test_cleanup_test_invoice" time="0.289" /><testcase classname="tests.test_partial_payments_ca_encaisse.TestCodeReviewThingsPage" name="test_things_page_auto_reschedule_code_exists" time="0.000" /></testsuite></testsuites>