<?xml version="1.0" encoding="utf-8"?><testsuites name="pytest tests"><testsuite name="pytest" errors="0" failures="2" skipped="0" tests="17" time="1.413" timestamp="2026-01-26T18:09:22.532340+00:00" hostname="agent-env-d00d3f16-d7fb-4f9e-8c0c-a11601c421ec"><testcase classname="backend.tests.test_invoice_conditions.TestInvoiceSettingsConditions" name="test_get_settings_returns_4_conditions_fields" time="0.380" /><testcase classname="backend.tests.test_invoice_conditions.TestInvoiceSettingsConditions" name="test_get_settings_conditions_have_default_values" time="0.018" /><testcase classname="backend.tests.test_invoice_conditions.TestInvoiceSettingsConditions" name="test_update_conditions_devis_individually" time="0.030" /><testcase classname="backend.tests.test_invoice_conditions.TestInvoiceSettingsConditions" name="test_update_conditions_facture_individually" time="0.067" /><testcase classname="backend.tests.test_invoice_conditions.TestInvoiceSettingsConditions" name="test_update_conditions_acompte_individually" time="0.029" /><testcase classname="backend.tests.test_invoice_conditions.TestInvoiceSettingsConditions" name="test_update_conditions_solde_individually" time="0.023" /><testcase classname="backend.tests.test_invoice_conditions.TestInvoiceSettingsConditions" name="test_update_all_4_conditions_at_once" time="0.063" /><testcase classname="backend.tests.test_invoice_conditions.TestInvoiceSettingsConditions" name="test_updating_one_condition_does_not_affect_others" time="0.119" /><testcase classname="backend.tests.test_invoice_conditions.TestPDFConditionsSelection" name="test_create_devis_uses_conditions_devis" time="0.124" /><testcase classname="backend.tests.test_invoice_conditions.TestPDFConditionsSelection" name="test_create_standard_facture_uses_conditions_facture" time="0.129" /><testcase classname="backend.tests.test_invoice_conditions.TestPDFConditionsSelection" name="test_deposit_invoice_uses_conditions_acompte" time="0.081"><failure message="KeyError: 'deposit_id'">backend/tests/test_invoice_conditions.py:341: in test_deposit_invoice_uses_conditions_acompte
    deposit_id = deposit_response.json()["deposit_id"]
                 ^^^^^^^^^^^^^^^^^^^^^^^^^^^^^^^^^^^^^
E   KeyError: 'deposit_id'</failure></testcase><testcase classname="backend.tests.test_invoice_conditions.TestPDFConditionsSelection" name="test_balance_invoice_uses_conditions_solde" time="0.035"><failure message="KeyError: 'deposit_id'">backend/tests/test_invoice_conditions.py:379: in test_balance_invoice_uses_conditions_solde
    deposit_id = deposit_response.json()["deposit_id"]
                 ^^^^^^^^^^^^^^^^^^^^^^^^^^^^^^^^^^^^^
E   KeyError: 'deposit_id'</failure></testcase><testcase classname="backend.tests.test_invoice_conditions.TestMigrationLegacyConditions" name="test_legacy_default_conditions_still_works" time="0.070" /><testcase classname="backend.tests.test_invoice_conditions.TestMigrationLegacyConditions" name="test_new_settings_have_all_conditions_fields" time="0.015" /><testcase classname="backend.tests.test_invoice_conditions.TestConditionsFieldsValidation" name="test_conditions_can_be_empty_string" time="0.022" /><testcase classname="backend.tests.test_invoice_conditions.TestConditionsFieldsValidation" name="test_conditions_can_have_multiline_text" time="0.063" /><testcase classname="backend.tests.test_invoice_conditions.TestConditionsFieldsValidation" name="test_conditions_can_have_special_characters" time="0.033" /></testsuite></testsuites>