<?xml version="1.0" encoding="utf-8"?><testsuites name="pytest tests"><testsuite name="pytest" errors="0" failures="3" skipped="0" tests="29" time="4.737" timestamp="2026-01-25T00:55:03.744341+00:00" hostname="agent-env-d00d3f16-d7fb-4f9e-8c0c-a11601c421ec"><testcase classname="tests.test_meta_integration.TestAuthentication" name="test_login_success" time="0.306" /><testcase classname="tests.test_meta_integration.TestMetaAuthUrl" name="test_get_auth_url_success" time="0.277" /><testcase classname="tests.test_meta_integration.TestMetaAuthUrl" name="test_auth_url_contains_required_scopes" time="0.277"><failure message="AssertionError: Missing required scope: pages_messaging&#10;assert 'pages_messaging' in 'https://www.facebook.com/v20.0/dialog/oauth?client_id=859300267084667&amp;redirect_uri=https://alphagency.fr/admin/social-media?meta_callback=true&amp;scope=pages_manage_posts,pages_read_engagement,pages_show_list,instagram_basic,instagram_content_publish,business_management&amp;state=8a726356-b342-4065-bdcd-46571ec787e8&amp;response_type=code'">tests/test_meta_integration.py:85: in test_auth_url_contains_required_scopes
    assert scope in auth_url, f"Missing required scope: {scope}"
E   AssertionError: Missing required scope: pages_messaging
E   assert 'pages_messaging' in 'https://www.facebook.com/v20.0/dialog/oauth?client_id=859300267084667&amp;redirect_uri=https://alphagency.fr/admin/social-media?meta_callback=true&amp;scope=pages_manage_posts,pages_read_engagement,pages_show_list,instagram_basic,instagram_content_publish,business_management&amp;state=8a726356-b342-4065-bdcd-46571ec787e8&amp;response_type=code'</failure></testcase><testcase classname="tests.test_meta_integration.TestMetaAuthUrl" name="test_auth_url_with_custom_redirect" time="0.276" /><testcase classname="tests.test_meta_integration.TestMetaAuthUrl" name="test_auth_url_requires_authentication" time="0.041" /><testcase classname="tests.test_meta_integration.TestMetaPages" name="test_get_pages_not_connected" time="0.273" /><testcase classname="tests.test_meta_integration.TestMetaPages" name="test_pages_requires_authentication" time="0.041" /><testcase classname="tests.test_meta_integration.TestMetaStatus" name="test_get_status" time="0.270" /><testcase classname="tests.test_meta_integration.TestMetaStatus" name="test_status_requires_authentication" time="0.038" /><testcase classname="tests.test_meta_integration.TestMetaPublishFacebook" name="test_publish_facebook_requires_auth" time="0.037" /><testcase classname="tests.test_meta_integration.TestMetaPublishFacebook" name="test_publish_facebook_invalid_page" time="0.273" /><testcase classname="tests.test_meta_integration.TestMetaPublishInstagram" name="test_publish_instagram_requires_auth" time="0.037" /><testcase classname="tests.test_meta_integration.TestMetaPublishInstagram" name="test_publish_instagram_requires_image" time="0.321"><failure message="assert 404 == 400&#10; +  where 404 = &lt;Response [404]&gt;.status_code">tests/test_meta_integration.py:210: in test_publish_instagram_requires_image
    assert response.status_code == 400
E   assert 404 == 400
E    +  where 404 = &lt;Response [404]&gt;.status_code</failure></testcase><testcase classname="tests.test_meta_integration.TestMetaPublishInstagram" name="test_publish_instagram_invalid_account" time="0.278" /><testcase classname="tests.test_meta_integration.TestMetaInboxSync" name="test_inbox_sync_requires_auth" time="0.077" /><testcase classname="tests.test_meta_integration.TestMetaInboxSync" name="test_inbox_sync_no_pages" time="0.282" /><testcase classname="tests.test_meta_integration.TestMetaInbox" name="test_get_inbox_requires_auth" time="0.037" /><testcase classname="tests.test_meta_integration.TestMetaInbox" name="test_get_inbox_success" time="0.286" /><testcase classname="tests.test_meta_integration.TestMetaInbox" name="test_get_inbox_with_filters" time="0.273" /><testcase classname="tests.test_meta_integration.TestMetaDisconnect" name="test_disconnect_requires_auth" time="0.042" /><testcase classname="tests.test_meta_integration.TestMetaDisconnect" name="test_disconnect_success" time="0.271"><failure message="assert 404 == 200&#10; +  where 404 = &lt;Response [404]&gt;.status_code">tests/test_meta_integration.py:302: in test_disconnect_success
    assert response.status_code == 200
E   assert 404 == 200
E    +  where 404 = &lt;Response [404]&gt;.status_code</failure></testcase><testcase classname="tests.test_meta_integration.TestMetaPublishedPosts" name="test_get_published_posts_requires_auth" time="0.036" /><testcase classname="tests.test_meta_integration.TestMetaPublishedPosts" name="test_get_published_posts_success" time="0.330" /><testcase classname="tests.test_meta_integration.TestMetaWebhooks" name="test_webhook_verification_invalid_token" time="0.039" /><testcase classname="tests.test_meta_integration.TestMetaWebhooks" name="test_webhook_post_invalid_json" time="0.037" /><testcase classname="tests.test_meta_integration.TestMetaWebhooks" name="test_webhook_post_valid_structure" time="0.036" /><testcase classname="tests.test_meta_integration.TestPublicationWorker" name="test_worker_status" time="0.035" /><testcase classname="tests.test_meta_integration.TestPublicationWorker" name="test_worker_queue" time="0.040" /><testcase classname="tests.test_meta_integration.TestPublicationWorker" name="test_worker_errors" time="0.038" /></testsuite></testsuites>