<?xml version="1.0" encoding="utf-8"?><testsuites name="pytest tests"><testsuite name="pytest" errors="0" failures="0" skipped="0" tests="23" time="41.166" timestamp="2026-02-03T22:06:34.789729+00:00" hostname="agent-env-c3baf0b4-5610-41e8-a684-eb66729fc142"><testcase classname="tests.test_instagram_story.TestInstagramStoryAuth" name="test_login_success" time="0.341" /><testcase classname="tests.test_instagram_story.TestInstagramAccounts" name="test_list_accounts_returns_200" time="0.284" /><testcase classname="tests.test_instagram_story.TestInstagramAccounts" name="test_list_accounts_returns_accounts_array" time="0.276" /><testcase classname="tests.test_instagram_story.TestInstagramAccounts" name="test_add_account_returns_success" time="0.351" /><testcase classname="tests.test_instagram_story.TestInstagramAccounts" name="test_add_duplicate_account_fails" time="0.382" /><testcase classname="tests.test_instagram_story.TestInstagramAccounts" name="test_get_account_by_id" time="0.295" /><testcase classname="tests.test_instagram_story.TestInstagramAccounts" name="test_delete_account" time="0.339" /><testcase classname="tests.test_instagram_story.TestInstagramAccounts" name="test_delete_nonexistent_account_returns_404" time="0.271" /><testcase classname="tests.test_instagram_story.TestInstagramAccountTest" name="test_test_account_login_returns_200_not_500" time="33.732" /><testcase classname="tests.test_instagram_story.TestInstagramAccountTest" name="test_test_nonexistent_account_returns_404" time="0.311" /><testcase classname="tests.test_instagram_story.TestInstagramAccountHistory" name="test_get_account_history_returns_200" time="0.337" /><testcase classname="tests.test_instagram_story.TestInstagramAccountHistory" name="test_get_history_nonexistent_account_returns_404" time="0.284" /><testcase classname="tests.test_instagram_story.TestInstagramDrafts" name="test_list_drafts_returns_200" time="0.332" /><testcase classname="tests.test_instagram_story.TestInstagramDrafts" name="test_create_draft_returns_success" time="0.371" /><testcase classname="tests.test_instagram_story.TestInstagramDrafts" name="test_create_draft_with_poll" time="0.445" /><testcase classname="tests.test_instagram_story.TestInstagramDrafts" name="test_create_draft_with_question" time="0.383" /><testcase classname="tests.test_instagram_story.TestInstagramDrafts" name="test_create_draft_with_invalid_account_returns_404" time="0.335" /><testcase classname="tests.test_instagram_story.TestInstagramDrafts" name="test_get_draft_by_id" time="0.403" /><testcase classname="tests.test_instagram_story.TestInstagramDrafts" name="test_delete_draft" time="0.356" /><testcase classname="tests.test_instagram_story.TestInstagramDrafts" name="test_list_drafts_with_account_filter" time="0.358" /><testcase classname="tests.test_instagram_story.TestInstagramStoryElements" name="test_get_elements_returns_200" time="0.312" /><testcase classname="tests.test_instagram_story.TestInstagramStoryElements" name="test_get_elements_contains_required_types" time="0.269" /><testcase classname="tests.test_instagram_story.TestInstagramStoryAnalytics" name="test_get_analytics_returns_200" time="0.311" /></testsuite></testsuites>