<?xml version="1.0" encoding="utf-8"?><testsuites name="pytest tests"><testsuite name="pytest" errors="0" failures="0" skipped="0" tests="22" time="26.206" timestamp="2026-01-22T21:07:32.762669+00:00" hostname="agent-env-9e985f5a-4a4a-4fb6-8d1f-1d235de2e2fb"><testcase classname="backend.tests.test_editorial_calendar.TestAuthentication" name="test_login_success" time="0.329" /><testcase classname="backend.tests.test_editorial_calendar.TestEditorialNichesAndSettings" name="test_get_available_niches" time="0.050" /><testcase classname="backend.tests.test_editorial_calendar.TestEditorialNichesAndSettings" name="test_get_editorial_settings" time="0.043" /><testcase classname="backend.tests.test_editorial_calendar.TestCalendarCRUD" name="test_list_calendars" time="0.047" /><testcase classname="backend.tests.test_editorial_calendar.TestCalendarCRUD" name="test_create_calendar_with_key_dates" time="24.878" /><testcase classname="backend.tests.test_editorial_calendar.TestCalendarCRUD" name="test_get_single_calendar" time="0.059" /><testcase classname="backend.tests.test_editorial_calendar.TestKeyDates" name="test_get_calendar_key_dates" time="0.043" /><testcase classname="backend.tests.test_editorial_calendar.TestKeyDates" name="test_create_post_from_key_date" time="0.042" /><testcase classname="backend.tests.test_editorial_calendar.TestPostsCRUD" name="test_list_posts" time="0.043" /><testcase classname="backend.tests.test_editorial_calendar.TestPostsCRUD" name="test_create_post" time="0.042" /><testcase classname="backend.tests.test_editorial_calendar.TestPostsCRUD" name="test_get_single_post" time="0.042" /><testcase classname="backend.tests.test_editorial_calendar.TestPostsCRUD" name="test_update_post" time="0.044" /><testcase classname="backend.tests.test_editorial_calendar.TestMovePostAPI" name="test_move_post_to_new_date" time="0.045" /><testcase classname="backend.tests.test_editorial_calendar.TestMovePostAPI" name="test_move_post_date_only" time="0.042" /><testcase classname="backend.tests.test_editorial_calendar.TestPostFilters" name="test_filter_by_status" time="0.041" /><testcase classname="backend.tests.test_editorial_calendar.TestPostFilters" name="test_filter_by_network" time="0.042" /><testcase classname="backend.tests.test_editorial_calendar.TestPostFilters" name="test_filter_by_format" time="0.042" /><testcase classname="backend.tests.test_editorial_calendar.TestPostFilters" name="test_filter_by_calendar" time="0.045" /><testcase classname="backend.tests.test_editorial_calendar.TestPostFilters" name="test_filter_by_date_range" time="0.041" /><testcase classname="backend.tests.test_editorial_calendar.TestCalendarView" name="test_calendar_view_endpoint" time="0.042" /><testcase classname="backend.tests.test_editorial_calendar.TestCleanup" name="test_cleanup_test_calendar" time="0.039" /><testcase classname="backend.tests.test_editorial_calendar.TestCleanup" name="test_cleanup_test_posts" time="0.081" /></testsuite></testsuites>