<?xml version="1.0" encoding="utf-8"?><testsuites name="pytest tests"><testsuite name="pytest" errors="0" failures="0" skipped="0" tests="29" time="4.698" timestamp="2026-01-25T00:56:15.987155+00:00" hostname="agent-env-d00d3f16-d7fb-4f9e-8c0c-a11601c421ec"><testcase classname="tests.test_meta_integration.TestAuthentication" name="test_login_success" time="0.334" /><testcase classname="tests.test_meta_integration.TestMetaAuthUrl" name="test_get_auth_url_success" time="0.287" /><testcase classname="tests.test_meta_integration.TestMetaAuthUrl" name="test_auth_url_contains_required_scopes" time="0.279" /><testcase classname="tests.test_meta_integration.TestMetaAuthUrl" name="test_auth_url_with_custom_redirect" time="0.278" /><testcase classname="tests.test_meta_integration.TestMetaAuthUrl" name="test_auth_url_requires_authentication" time="0.040" /><testcase classname="tests.test_meta_integration.TestMetaPages" name="test_get_pages_not_connected" time="0.272" /><testcase classname="tests.test_meta_integration.TestMetaPages" name="test_pages_requires_authentication" time="0.039" /><testcase classname="tests.test_meta_integration.TestMetaStatus" name="test_get_status" time="0.319" /><testcase classname="tests.test_meta_integration.TestMetaStatus" name="test_status_requires_authentication" time="0.039" /><testcase classname="tests.test_meta_integration.TestMetaPublishFacebook" name="test_publish_facebook_requires_auth" time="0.042" /><testcase classname="tests.test_meta_integration.TestMetaPublishFacebook" name="test_publish_facebook_invalid_page" time="0.276" /><testcase classname="tests.test_meta_integration.TestMetaPublishInstagram" name="test_publish_instagram_requires_auth" time="0.037" /><testcase classname="tests.test_meta_integration.TestMetaPublishInstagram" name="test_publish_instagram_requires_image" time="0.270" /><testcase classname="tests.test_meta_integration.TestMetaPublishInstagram" name="test_publish_instagram_invalid_account" time="0.278" /><testcase classname="tests.test_meta_integration.TestMetaInboxSync" name="test_inbox_sync_requires_auth" time="0.045" /><testcase classname="tests.test_meta_integration.TestMetaInboxSync" name="test_inbox_sync_no_pages" time="0.280" /><testcase classname="tests.test_meta_integration.TestMetaInbox" name="test_get_inbox_requires_auth" time="0.038" /><testcase classname="tests.test_meta_integration.TestMetaInbox" name="test_get_inbox_success" time="0.277" /><testcase classname="tests.test_meta_integration.TestMetaInbox" name="test_get_inbox_with_filters" time="0.269" /><testcase classname="tests.test_meta_integration.TestMetaDisconnect" name="test_disconnect_requires_auth" time="0.043" /><testcase classname="tests.test_meta_integration.TestMetaDisconnect" name="test_disconnect_success" time="0.270" /><testcase classname="tests.test_meta_integration.TestMetaPublishedPosts" name="test_get_published_posts_requires_auth" time="0.038" /><testcase classname="tests.test_meta_integration.TestMetaPublishedPosts" name="test_get_published_posts_success" time="0.312" /><testcase classname="tests.test_meta_integration.TestMetaWebhooks" name="test_webhook_verification_invalid_token" time="0.040" /><testcase classname="tests.test_meta_integration.TestMetaWebhooks" name="test_webhook_post_invalid_json" time="0.034" /><testcase classname="tests.test_meta_integration.TestMetaWebhooks" name="test_webhook_post_valid_structure" time="0.037" /><testcase classname="tests.test_meta_integration.TestPublicationWorker" name="test_worker_status" time="0.036" /><testcase classname="tests.test_meta_integration.TestPublicationWorker" name="test_worker_queue" time="0.039" /><testcase classname="tests.test_meta_integration.TestPublicationWorker" name="test_worker_errors" time="0.042" /></testsuite></testsuites>