<?xml version="1.0" encoding="utf-8"?><testsuites name="pytest tests"><testsuite name="pytest" errors="0" failures="0" skipped="0" tests="12" time="5.869" timestamp="2026-01-13T03:25:44.580901+00:00" hostname="agent-env-2a84ffee-700f-493e-9090-98d9d5a0e321"><testcase classname="tests.test_pdf_email_templates.TestAuth" name="test_login_success" time="0.298" /><testcase classname="tests.test_pdf_email_templates.TestPDFGeneration" name="test_get_devis_with_long_descriptions" time="0.299" /><testcase classname="tests.test_pdf_email_templates.TestPDFGeneration" name="test_pdf_generation_for_long_desc_devis" time="0.335" /><testcase classname="tests.test_pdf_email_templates.TestPDFGeneration" name="test_pdf_url_generation_for_long_desc_devis" time="0.663" /><testcase classname="tests.test_pdf_email_templates.TestPDFGeneration" name="test_get_devis_with_short_descriptions" time="0.041" /><testcase classname="tests.test_pdf_email_templates.TestPDFGeneration" name="test_pdf_generation_for_short_desc_devis" time="0.310" /><testcase classname="tests.test_pdf_email_templates.TestCreateNewDevisWithShortDescriptions" name="test_create_devis_with_short_descriptions" time="0.643" /><testcase classname="tests.test_pdf_email_templates.TestEmailLogoAPI" name="test_get_email_logo" time="0.294" /><testcase classname="tests.test_pdf_email_templates.TestEmailTemplatesAPI" name="test_get_email_templates" time="0.294" /><testcase classname="tests.test_pdf_email_templates.TestEmailTemplatesAPI" name="test_send_test_email" time="0.597" /><testcase classname="tests.test_pdf_email_templates.TestPDFDatesDisplay" name="test_devis_has_dates" time="0.332" /><testcase classname="tests.test_pdf_email_templates.TestAllDevisPDFGeneration" name="test_pdf_for_sample_devis" time="1.698" /></testsuite></testsuites>