<?xml version="1.0" encoding="utf-8"?><testsuites name="pytest tests"><testsuite name="pytest" errors="0" failures="0" skipped="0" tests="17" time="5.157" timestamp="2026-01-13T03:53:23.758100+00:00" hostname="agent-env-2a84ffee-700f-493e-9090-98d9d5a0e321"><testcase classname="tests.test_pdf_chunk_email_features.TestAuthentication" name="test_login_success" time="0.290" /><testcase classname="tests.test_pdf_chunk_email_features.TestInvoiceListAndGet" name="test_list_invoices" time="0.037" /><testcase classname="tests.test_pdf_chunk_email_features.TestInvoiceListAndGet" name="test_get_devis_long_desc" time="0.033" /><testcase classname="tests.test_pdf_chunk_email_features.TestInvoiceListAndGet" name="test_get_devis_short_desc" time="0.043" /><testcase classname="tests.test_pdf_chunk_email_features.TestPDFGenerationLongDescriptions" name="test_pdf_generation_long_desc" time="0.319" /><testcase classname="tests.test_pdf_chunk_email_features.TestPDFGenerationLongDescriptions" name="test_pdf_url_generation_long_desc" time="0.884" /><testcase classname="tests.test_pdf_chunk_email_features.TestPDFGenerationShortDescriptions" name="test_pdf_generation_short_desc" time="0.272" /><testcase classname="tests.test_pdf_chunk_email_features.TestPDFDatesDisplay" name="test_devis_has_dates" time="0.036" /><testcase classname="tests.test_pdf_chunk_email_features.TestEmailLogoAPI" name="test_get_email_logo" time="0.039" /><testcase classname="tests.test_pdf_chunk_email_features.TestEmailTemplatesAPI" name="test_get_email_templates" time="0.034" /><testcase classname="tests.test_pdf_chunk_email_features.TestEmailTemplatesAPI" name="test_send_test_email_with_dynamic_email" time="1.361" /><testcase classname="tests.test_pdf_chunk_email_features.TestCreateDevisWithVeryLongDescription" name="test_create_devis_with_2000_char_description" time="0.385" /><testcase classname="tests.test_pdf_chunk_email_features.TestPDFNoGreyBackground" name="test_pdf_content_structure" time="0.280" /><testcase classname="tests.test_pdf_chunk_email_features.TestAllInvoiceAPIs" name="test_list_invoices_api" time="0.033" /><testcase classname="tests.test_pdf_chunk_email_features.TestAllInvoiceAPIs" name="test_get_invoice_api" time="0.043" /><testcase classname="tests.test_pdf_chunk_email_features.TestAllInvoiceAPIs" name="test_get_invoice_pdf_api" time="0.279" /><testcase classname="tests.test_pdf_chunk_email_features.TestAllInvoiceAPIs" name="test_get_invoice_pdf_url_api" time="0.717" /></testsuite></testsuites>