<?xml version="1.0" encoding="utf-8"?><testsuites name="pytest tests"><testsuite name="pytest" errors="0" failures="1" skipped="0" tests="21" time="6.009" timestamp="2026-02-03T22:51:01.867220+00:00" hostname="agent-env-c3baf0b4-5610-41e8-a684-eb66729fc142"><testcase classname="tests.test_new_features_iteration51.TestGmailIntegration" name="test_gmail_auth_returns_authorization_url" time="0.381" /><testcase classname="tests.test_new_features_iteration51.TestGmailIntegration" name="test_gmail_status_returns_connection_state" time="0.044" /><testcase classname="tests.test_new_features_iteration51.TestVoiceToCRM" name="test_voice_to_crm_creates_contact" time="1.311" /><testcase classname="tests.test_new_features_iteration51.TestVoiceToCRM" name="test_voice_to_crm_creates_task" time="1.702"><failure message="AssertionError: assert 'appointment' == 'task'&#10;  &#10;  - task&#10;  + appointment">tests/test_new_features_iteration51.py:114: in test_voice_to_crm_creates_task
    assert data["action"] == "task"
E   AssertionError: assert 'appointment' == 'task'
E     
E     - task
E     + appointment</failure></testcase><testcase classname="tests.test_new_features_iteration51.TestVoiceToCRM" name="test_voice_to_crm_empty_text_returns_error" time="0.041" /><testcase classname="tests.test_new_features_iteration51.TestLeadScoring" name="test_get_all_lead_scores" time="0.096" /><testcase classname="tests.test_new_features_iteration51.TestLeadScoring" name="test_lead_score_structure" time="0.045" /><testcase classname="tests.test_new_features_iteration51.TestLeadScoring" name="test_get_single_lead_score" time="0.086" /><testcase classname="tests.test_new_features_iteration51.TestChurnAlerts" name="test_get_churn_alerts" time="0.045" /><testcase classname="tests.test_new_features_iteration51.TestAnalyticsDashboard" name="test_get_analytics_dashboard" time="0.057" /><testcase classname="tests.test_new_features_iteration51.TestAnalyticsReports" name="test_get_analytics_json" time="0.046" /><testcase classname="tests.test_new_features_iteration51.TestAnalyticsReports" name="test_get_analytics_pdf" time="0.060" /><testcase classname="tests.test_new_features_iteration51.TestSocialPreview" name="test_get_platform_info" time="0.039" /><testcase classname="tests.test_new_features_iteration51.TestSocialPreview" name="test_platform_info_has_limits" time="0.040" /><testcase classname="tests.test_new_features_iteration51.TestSocialPreview" name="test_multi_platform_preview" time="0.041" /><testcase classname="tests.test_new_features_iteration51.TestSocialPreview" name="test_preview_validates_character_limit" time="0.038" /><testcase classname="tests.test_new_features_iteration51.TestHashtagSuggestions" name="test_suggest_hashtags" time="0.827" /><testcase classname="tests.test_new_features_iteration51.TestHashtagSuggestions" name="test_suggest_hashtags_respects_platform" time="0.867" /><testcase classname="tests.test_new_features_iteration51.TestAuthentication" name="test_gmail_auth_requires_token" time="0.059" /><testcase classname="tests.test_new_features_iteration51.TestAuthentication" name="test_lead_scores_requires_token" time="0.038" /><testcase classname="tests.test_new_features_iteration51.TestAuthentication" name="test_analytics_pdf_requires_token" time="0.040" /></testsuite></testsuites>