<?xml version="1.0" encoding="utf-8"?><testsuites name="pytest tests"><testsuite name="pytest" errors="0" failures="4" skipped="0" tests="19" time="1.959" timestamp="2026-01-09T03:33:30.352697+00:00" hostname="agent-env-753e46cb-d871-47cf-991d-3fb28e173ba9"><testcase classname="tests.test_news_social.TestNewsAPI" name="test_get_news_topics" time="0.340" /><testcase classname="tests.test_news_social.TestNewsAPI" name="test_get_news_articles" time="0.036" /><testcase classname="tests.test_news_social.TestNewsAPI" name="test_get_news_articles_by_topic" time="0.040" /><testcase classname="tests.test_news_social.TestNewsAPI" name="test_delete_news_article_not_found" time="0.039" /><testcase classname="tests.test_news_social.TestSocialMediaAPI" name="test_get_social_stats" time="0.300" /><testcase classname="tests.test_news_social.TestSocialMediaAPI" name="test_get_social_accounts" time="0.041" /><testcase classname="tests.test_news_social.TestSocialMediaAPI" name="test_get_social_posts" time="0.042" /><testcase classname="tests.test_news_social.TestSocialMediaAPI" name="test_get_social_calendar" time="0.034" /><testcase classname="tests.test_news_social.TestSocialMediaAPI" name="test_get_social_calendar_december_2025" time="0.037" /><testcase classname="tests.test_news_social.TestSocialMediaAPI" name="test_create_social_post" time="0.080" /><testcase classname="tests.test_news_social.TestSocialMediaAPI" name="test_update_social_post" time="0.152" /><testcase classname="tests.test_news_social.TestSocialMediaAPI" name="test_delete_social_post" time="0.105" /><testcase classname="tests.test_news_social.TestSocialMediaAPI" name="test_get_social_inbox" time="0.079" /><testcase classname="tests.test_news_social.TestSocialMediaAPI" name="test_add_social_message" time="0.033"><failure message="AssertionError: Failed to add message: {&quot;detail&quot;:[{&quot;type&quot;:&quot;missing&quot;,&quot;loc&quot;:[&quot;body&quot;,&quot;account_id&quot;],&quot;msg&quot;:&quot;Field required&quot;,&quot;input&quot;:{&quot;platform&quot;:&quot;facebook&quot;,&quot;message_type&quot;:&quot;comment&quot;,&quot;sender_name&quot;:&quot;TEST_User&quot;,&quot;sender_id&quot;:&quot;test_sender_123&quot;,&quot;content&quot;:&quot;TEST_This is a test comment&quot;,&quot;priority&quot;:&quot;normal&quot;},&quot;url&quot;:&quot;https://errors.pydantic.dev/2.12/v/missing&quot;}]}&#10;assert 422 == 200&#10; +  where 422 = &lt;Response [422]&gt;.status_code">tests/test_news_social.py:352: in test_add_social_message
    assert response.status_code == 200, f"Failed to add message: {response.text}"
E   AssertionError: Failed to add message: {"detail":[{"type":"missing","loc":["body","account_id"],"msg":"Field required","input":{"platform":"facebook","message_type":"comment","sender_name":"TEST_User","sender_id":"test_sender_123","content":"TEST_This is a test comment","priority":"normal"},"url":"https://errors.pydantic.dev/2.12/v/missing"}]}
E   assert 422 == 200
E    +  where 422 = &lt;Response [422]&gt;.status_code</failure></testcase><testcase classname="tests.test_news_social.TestSocialMediaAPI" name="test_update_message_status" time="0.034"><failure message="assert 422 == 200&#10; +  where 422 = &lt;Response [422]&gt;.status_code">tests/test_news_social.py:375: in test_update_message_status
    assert create_response.status_code == 200
E   assert 422 == 200
E    +  where 422 = &lt;Response [422]&gt;.status_code</failure></testcase><testcase classname="tests.test_news_social.TestSocialMediaAPI" name="test_update_message_priority" time="0.037"><failure message="assert 422 == 200&#10; +  where 422 = &lt;Response [422]&gt;.status_code">tests/test_news_social.py:403: in test_update_message_priority
    assert create_response.status_code == 200
E   assert 422 == 200
E    +  where 422 = &lt;Response [422]&gt;.status_code</failure></testcase><testcase classname="tests.test_news_social.TestSocialMediaAPI" name="test_reply_to_message" time="0.038"><failure message="assert 422 == 200&#10; +  where 422 = &lt;Response [422]&gt;.status_code">tests/test_news_social.py:431: in test_reply_to_message
    assert create_response.status_code == 200
E   assert 422 == 200
E    +  where 422 = &lt;Response [422]&gt;.status_code</failure></testcase><testcase classname="tests.test_news_social.TestCleanup" name="test_cleanup_test_posts" time="0.327" /><testcase classname="tests.test_news_social.TestCleanup" name="test_cleanup_test_messages" time="0.037" /></testsuite></testsuites>