<?xml version="1.0" encoding="utf-8"?><testsuites name="pytest tests"><testsuite name="pytest" errors="0" failures="1" skipped="0" tests="15" time="6.541" timestamp="2026-02-04T00:11:51.284859+00:00" hostname="agent-env-26c8fdaa-32bd-4cd1-8eab-58ade0b5c554"><testcase classname="backend.tests.test_moltbot_notifications_iteration53.TestMoltBotAIChat" name="test_moltbot_chat_count_contacts" time="0.751" /><testcase classname="backend.tests.test_moltbot_notifications_iteration53.TestMoltBotAIChat" name="test_moltbot_chat_activity_summary" time="2.821" /><testcase classname="backend.tests.test_moltbot_notifications_iteration53.TestMoltBotAIChat" name="test_moltbot_chat_search_client" time="1.612" /><testcase classname="backend.tests.test_moltbot_notifications_iteration53.TestMoltBotAIChat" name="test_moltbot_chat_without_auth_fails" time="0.616"><failure message="AssertionError: Expected 403 without auth, got 200&#10;assert 200 == 403&#10; +  where 200 = &lt;Response [200]&gt;.status_code">backend/tests/test_moltbot_notifications_iteration53.py:88: in test_moltbot_chat_without_auth_fails
    assert response.status_code == 403, f"Expected 403 without auth, got {response.status_code}"
E   AssertionError: Expected 403 without auth, got 200
E   assert 200 == 403
E    +  where 200 = &lt;Response [200]&gt;.status_code</failure></testcase><testcase classname="backend.tests.test_moltbot_notifications_iteration53.TestMoltBotStats" name="test_moltbot_stats_endpoint" time="0.046" /><testcase classname="backend.tests.test_moltbot_notifications_iteration53.TestMoltBotStats" name="test_moltbot_stats_without_auth_fails" time="0.038" /><testcase classname="backend.tests.test_moltbot_notifications_iteration53.TestMoltBotContacts" name="test_moltbot_list_contacts" time="0.046" /><testcase classname="backend.tests.test_moltbot_notifications_iteration53.TestMoltBotContacts" name="test_moltbot_search_contacts" time="0.044" /><testcase classname="backend.tests.test_moltbot_notifications_iteration53.TestNotificationsAPI" name="test_get_notifications" time="0.040" /><testcase classname="backend.tests.test_moltbot_notifications_iteration53.TestNotificationsAPI" name="test_create_notification" time="0.143" /><testcase classname="backend.tests.test_moltbot_notifications_iteration53.TestNotificationsAPI" name="test_mark_notification_read" time="0.124" /><testcase classname="backend.tests.test_moltbot_notifications_iteration53.TestNotificationsAPI" name="test_notification_preferences" time="0.041" /><testcase classname="backend.tests.test_moltbot_notifications_iteration53.TestMoltBotBriefing" name="test_daily_briefing" time="0.044" /><testcase classname="backend.tests.test_moltbot_notifications_iteration53.TestMoltBotBriefing" name="test_daily_recap" time="0.040" /><testcase classname="backend.tests.test_moltbot_notifications_iteration53.TestMoltBotTasks" name="test_list_tasks" time="0.040" /></testsuite></testsuites>