<?xml version="1.0" encoding="utf-8"?><testsuites name="pytest tests"><testsuite name="pytest" errors="0" failures="0" skipped="0" tests="9" time="5.803" timestamp="2026-01-29T04:24:47.911160+00:00" hostname="agent-env-10a4aa3c-21b7-43e4-94e7-77ef37073f91"><testcase classname="backend.tests.test_social_media_upload.TestSocialMediaUpload" name="test_upload_image_returns_cloudinary_url" time="1.218" /><testcase classname="backend.tests.test_social_media_upload.TestSocialMediaUpload" name="test_upload_image_with_jpeg" time="0.762" /><testcase classname="backend.tests.test_social_media_upload.TestSocialMediaUpload" name="test_upload_rejects_invalid_file_type" time="0.295" /><testcase classname="backend.tests.test_social_media_upload.TestSocialMediaUpload" name="test_upload_rejects_pdf_file" time="0.297" /><testcase classname="backend.tests.test_social_media_upload.TestSocialMediaUpload" name="test_upload_rejects_oversized_image" time="0.336" /><testcase classname="backend.tests.test_social_media_upload.TestSocialMediaUpload" name="test_upload_requires_authentication" time="0.295" /><testcase classname="backend.tests.test_social_media_upload.TestSocialMediaUpload" name="test_upload_response_contains_metadata" time="0.817" /><testcase classname="backend.tests.test_social_media_upload.TestCloudinaryURLValidation" name="test_url_is_publicly_accessible" time="1.038" /><testcase classname="backend.tests.test_social_media_upload.TestCloudinaryURLValidation" name="test_url_format_is_cloudinary" time="0.693" /></testsuite></testsuites>