<?xml version="1.0" encoding="utf-8"?><testsuites name="pytest tests"><testsuite name="pytest" errors="0" failures="2" skipped="0" tests="11" time="1.454" timestamp="2026-01-13T01:34:01.701836+00:00" hostname="agent-env-18136aff-2788-448c-8901-5e0d71981582"><testcase classname="tests.test_pdf_facturation.TestPDFGeneration" name="test_create_devis_with_long_description" time="0.338" /><testcase classname="tests.test_pdf_facturation.TestPDFGeneration" name="test_pdf_download_returns_valid_pdf" time="0.286" /><testcase classname="tests.test_pdf_facturation.TestPDFGeneration" name="test_pdf_with_very_long_description" time="0.271"><failure message="AssertionError: PDF generation failed for long description: 520&#10;assert 520 == 200&#10; +  where 520 = &lt;Response [520]&gt;.status_code">tests/test_pdf_facturation.py:206: in test_pdf_with_very_long_description
    assert pdf_response.status_code == 200, f"PDF generation failed for long description: {pdf_response.status_code}"
E   AssertionError: PDF generation failed for long description: 520
E   assert 520 == 200
E    +  where 520 = &lt;Response [520]&gt;.status_code</failure></testcase><testcase classname="tests.test_pdf_facturation.TestPDFGeneration" name="test_pdf_calculation_qty_times_pu_ht" time="0.020"><failure message="AssertionError: Subtotal mismatch: 690.0 vs 660.0&#10;assert 30.0 &lt; 0.01&#10; +  where 30.0 = abs((690.0 - 660.0))">tests/test_pdf_facturation.py:261: in test_pdf_calculation_qty_times_pu_ht
    assert abs(invoice["subtotal"] - expected_subtotal) &lt; 0.01, f"Subtotal mismatch: {invoice['subtotal']} vs {expected_subtotal}"
E   AssertionError: Subtotal mismatch: 690.0 vs 660.0
E   assert 30.0 &lt; 0.01
E    +  where 30.0 = abs((690.0 - 660.0))</failure></testcase><testcase classname="tests.test_pdf_facturation.TestPDFGeneration" name="test_existing_devis_pdf_download" time="0.294" /><testcase classname="tests.test_pdf_facturation.TestInvoiceAPI" name="test_get_all_invoices" time="0.011" /><testcase classname="tests.test_pdf_facturation.TestInvoiceAPI" name="test_invoice_structure" time="0.010" /><testcase classname="tests.test_pdf_facturation.TestSettingsAPI" name="test_get_invoice_settings" time="0.008" /><testcase classname="tests.test_pdf_facturation.TestSettingsAPI" name="test_update_invoice_settings" time="0.057" /><testcase classname="tests.test_pdf_facturation.TestEmailTemplates" name="test_get_email_templates" time="0.050" /><testcase classname="tests.test_pdf_facturation.TestEmailTemplates" name="test_update_devis_template" time="0.013" /></testsuite></testsuites>