<?xml version="1.0" encoding="utf-8"?><testsuites name="pytest tests"><testsuite name="pytest" errors="0" failures="2" skipped="0" tests="22" time="2.882" timestamp="2026-01-09T00:59:35.646840+00:00" hostname="agent-env-059e8eff-d65a-4c6e-9c32-7c234dac8748"><testcase classname="tests.test_phase2_phase3_features.TestPipelineColumnReorder" name="test_get_pipeline_columns" time="0.333" /><testcase classname="tests.test_phase2_phase3_features.TestPipelineColumnReorder" name="test_reorder_pipeline_columns" time="0.073"><failure message="assert 422 == 200&#10; +  where 422 = &lt;Response [422]&gt;.status_code">tests/test_phase2_phase3_features.py:69: in test_reorder_pipeline_columns
    assert response.status_code == 200
E   assert 422 == 200
E    +  where 422 = &lt;Response [422]&gt;.status_code</failure></testcase><testcase classname="tests.test_phase2_phase3_features.TestBudgetAutoCategorizationRulesPhase2" name="test_get_rules" time="0.338" /><testcase classname="tests.test_phase2_phase3_features.TestBudgetAutoCategorizationRulesPhase2" name="test_create_rule_with_match_type_contains" time="0.109" /><testcase classname="tests.test_phase2_phase3_features.TestBudgetAutoCategorizationRulesPhase2" name="test_create_rule_with_match_type_starts_with" time="0.078" /><testcase classname="tests.test_phase2_phase3_features.TestBudgetAutoCategorizationRulesPhase2" name="test_create_rule_with_match_type_exact" time="0.067" /><testcase classname="tests.test_phase2_phase3_features.TestBudgetAutoCategorizationRulesPhase2" name="test_create_rule_with_match_type_regex" time="0.072" /><testcase classname="tests.test_phase2_phase3_features.TestBudgetAutoCategorizationRulesPhase2" name="test_create_rule_with_apply_to_type_credit" time="0.070" /><testcase classname="tests.test_phase2_phase3_features.TestBudgetAutoCategorizationRulesPhase2" name="test_create_rule_with_apply_to_type_debit" time="0.077" /><testcase classname="tests.test_phase2_phase3_features.TestBudgetAutoCategorizationRulesPhase2" name="test_apply_rules_endpoint" time="0.034" /><testcase classname="tests.test_phase2_phase3_features.TestBudgetAutoCategorizationRulesPhase2" name="test_apply_rules_with_month_filter" time="0.039" /><testcase classname="tests.test_phase2_phase3_features.TestBudgetForecastPhase3" name="test_get_forecasts" time="0.292" /><testcase classname="tests.test_phase2_phase3_features.TestBudgetForecastPhase3" name="test_get_forecasts_with_month_filter" time="0.032" /><testcase classname="tests.test_phase2_phase3_features.TestBudgetForecastPhase3" name="test_create_forecast_expense" time="0.101" /><testcase classname="tests.test_phase2_phase3_features.TestBudgetForecastPhase3" name="test_create_forecast_income" time="0.108" /><testcase classname="tests.test_phase2_phase3_features.TestBudgetForecastPhase3" name="test_update_forecast" time="0.144" /><testcase classname="tests.test_phase2_phase3_features.TestBudgetForecastPhase3" name="test_delete_forecast" time="0.147" /><testcase classname="tests.test_phase2_phase3_features.TestBudgetForecastPhase3" name="test_delete_forecast_not_found" time="0.033" /><testcase classname="tests.test_phase2_phase3_features.TestBudgetForecastPhase3" name="test_get_forecast_comparison" time="0.034" /><testcase classname="tests.test_phase2_phase3_features.TestBudgetForecastPhase3" name="test_copy_forecast_to_month" time="0.069"><failure message="AssertionError: assert 'copied' in {'message': '1 prévisions copiées vers 2025-05'}">tests/test_phase2_phase3_features.py:484: in test_copy_forecast_to_month
    assert "copied" in data
E   AssertionError: assert 'copied' in {'message': '1 prévisions copiées vers 2025-05'}</failure></testcase><testcase classname="tests.test_phase2_phase3_features.TestBudgetForecastPhase3" name="test_copy_forecast_no_source" time="0.035" /><testcase classname="tests.test_phase2_phase3_features.TestBudgetRulesIntegration" name="test_rule_crud_flow" time="0.486" /></testsuite></testsuites>