<?xml version="1.0" encoding="utf-8"?><testsuites name="pytest tests"><testsuite name="pytest" errors="0" failures="11" skipped="4" tests="15" time="4.673" timestamp="2026-01-22T21:32:08.802355+00:00" hostname="agent-env-9e985f5a-4a4a-4fb6-8d1f-1d235de2e2fb"><testcase classname="backend.tests.test_new_features_iteration34.TestAuthentication" name="test_login_success" time="0.312"><failure message="AssertionError: No access_token in response&#10;assert 'access_token' in {'token': 'eyJhbGciOiJIUzI1NiIsInR5cCI6IkpXVCJ9.eyJ1c2VyX2lkIjoiNTM2M2U1ZTQtNmM5MC00NDVmLThlYzItNTc5ODhjYWU5ZTA2IiwiZW1haWwiOiJhZG1pbkBhbHBoYWdlbmN5LmZyIiwicm9sZSI6InN1cGVyX2FkbWluIiwiZXhwIjoxNzY5MjAzOTI5fQ._37lmiRe9PfADtwrzry2JOR_uXQD5-zWFAQ-RRyTJ-E', 'user': {'email': 'admin@alphagency.fr', 'full_name': 'Super Admin', 'id': '5363e5e4-6c90-445f-8ec2-57988cae9e06', 'role': 'super_admin'}}">backend/tests/test_new_features_iteration34.py:39: in test_login_success
    assert "access_token" in data, "No access_token in response"
E   AssertionError: No access_token in response
E   assert 'access_token' in {'token': 'eyJhbGciOiJIUzI1NiIsInR5cCI6IkpXVCJ9.eyJ1c2VyX2lkIjoiNTM2M2U1ZTQtNmM5MC00NDVmLThlYzItNTc5ODhjYWU5ZTA2IiwiZW1haWwiOiJhZG1pbkBhbHBoYWdlbmN5LmZyIiwicm9sZSI6InN1cGVyX2FkbWluIiwiZXhwIjoxNzY5MjAzOTI5fQ._37lmiRe9PfADtwrzry2JOR_uXQD5-zWFAQ-RRyTJ-E', 'user': {'email': 'admin@alphagency.fr', 'full_name': 'Super Admin', 'id': '5363e5e4-6c90-445f-8ec2-57988cae9e06', 'role': 'super_admin'}}</failure></testcase><testcase classname="backend.tests.test_new_features_iteration34.TestCalendarStatistics" name="test_get_calendar_stats_success" time="0.303"><failure message="AssertionError: Stats request failed: {&quot;detail&quot;:&quot;Token invalide&quot;}&#10;assert 401 == 200&#10; +  where 401 = &lt;Response [401]&gt;.status_code">backend/tests/test_new_features_iteration34.py:63: in test_get_calendar_stats_success
    assert response.status_code == 200, f"Stats request failed: {response.text}"
E   AssertionError: Stats request failed: {"detail":"Token invalide"}
E   assert 401 == 200
E    +  where 401 = &lt;Response [401]&gt;.status_code</failure></testcase><testcase classname="backend.tests.test_new_features_iteration34.TestCalendarStatistics" name="test_get_calendar_stats_with_date_filter" time="0.299"><failure message="AssertionError: Stats with date filter failed: {&quot;detail&quot;:&quot;Token invalide&quot;}&#10;assert 401 == 200&#10; +  where 401 = &lt;Response [401]&gt;.status_code">backend/tests/test_new_features_iteration34.py:101: in test_get_calendar_stats_with_date_filter
    assert response.status_code == 200, f"Stats with date filter failed: {response.text}"
E   AssertionError: Stats with date filter failed: {"detail":"Token invalide"}
E   assert 401 == 200
E    +  where 401 = &lt;Response [401]&gt;.status_code</failure></testcase><testcase classname="backend.tests.test_new_features_iteration34.TestCalendarStatistics" name="test_get_calendar_stats_not_found" time="0.305"><failure message="AssertionError: Expected 404, got 401&#10;assert 401 == 404&#10; +  where 401 = &lt;Response [401]&gt;.status_code">backend/tests/test_new_features_iteration34.py:116: in test_get_calendar_stats_not_found
    assert response.status_code == 404, f"Expected 404, got {response.status_code}"
E   AssertionError: Expected 404, got 401
E   assert 401 == 404
E    +  where 401 = &lt;Response [401]&gt;.status_code</failure></testcase><testcase classname="backend.tests.test_new_features_iteration34.TestCalendarStatistics" name="test_stats_breakdown_structure" time="0.308"><failure message="assert 401 == 200&#10; +  where 401 = &lt;Response [401]&gt;.status_code">backend/tests/test_new_features_iteration34.py:125: in test_stats_breakdown_structure
    assert response.status_code == 200
E   assert 401 == 200
E    +  where 401 = &lt;Response [401]&gt;.status_code</failure></testcase><testcase classname="backend.tests.test_new_features_iteration34.TestPDFExport" name="test_export_pdf_success" time="0.296"><failure message="AssertionError: PDF export failed: {&quot;detail&quot;:&quot;Token invalide&quot;}&#10;assert 401 == 200&#10; +  where 401 = &lt;Response [401]&gt;.status_code">backend/tests/test_new_features_iteration34.py:164: in test_export_pdf_success
    assert response.status_code == 200, f"PDF export failed: {response.text}"
E   AssertionError: PDF export failed: {"detail":"Token invalide"}
E   assert 401 == 200
E    +  where 401 = &lt;Response [401]&gt;.status_code</failure></testcase><testcase classname="backend.tests.test_new_features_iteration34.TestPDFExport" name="test_export_pdf_with_date_filter" time="0.299"><failure message="AssertionError: PDF export with date filter failed: {&quot;detail&quot;:&quot;Token invalide&quot;}&#10;assert 401 == 200&#10; +  where 401 = &lt;Response [401]&gt;.status_code">backend/tests/test_new_features_iteration34.py:195: in test_export_pdf_with_date_filter
    assert response.status_code == 200, f"PDF export with date filter failed: {response.text}"
E   AssertionError: PDF export with date filter failed: {"detail":"Token invalide"}
E   assert 401 == 200
E    +  where 401 = &lt;Response [401]&gt;.status_code</failure></testcase><testcase classname="backend.tests.test_new_features_iteration34.TestPDFExport" name="test_export_pdf_not_found" time="0.299"><failure message="AssertionError: Expected 404, got 401&#10;assert 401 == 404&#10; +  where 401 = &lt;Response [401]&gt;.status_code">backend/tests/test_new_features_iteration34.py:209: in test_export_pdf_not_found
    assert response.status_code == 404, f"Expected 404, got {response.status_code}"
E   AssertionError: Expected 404, got 401
E   assert 401 == 404
E    +  where 401 = &lt;Response [401]&gt;.status_code</failure></testcase><testcase classname="backend.tests.test_new_features_iteration34.TestAppointmentCreation" name="test_get_existing_appointment" time="0.302"><skipped type="pytest.skip" message="Test appointment not found">/app/backend/tests/test_new_features_iteration34.py:253: Test appointment not found</skipped></testcase><testcase classname="backend.tests.test_new_features_iteration34.TestAppointmentCreation" name="test_create_appointment_with_guadeloupe_timezone" time="0.294"><skipped type="pytest.skip" message="No contacts available for appointment creation">/app/backend/tests/test_new_features_iteration34.py:264: No contacts available for appointment creation</skipped></testcase><testcase classname="backend.tests.test_new_features_iteration34.TestAppointmentCreation" name="test_list_appointments" time="0.298"><failure message="AssertionError: List appointments failed: {&quot;detail&quot;:&quot;Token invalide&quot;}&#10;assert 401 == 200&#10; +  where 401 = &lt;Response [401]&gt;.status_code">backend/tests/test_new_features_iteration34.py:319: in test_list_appointments
    assert response.status_code == 200, f"List appointments failed: {response.text}"
E   AssertionError: List appointments failed: {"detail":"Token invalide"}
E   assert 401 == 200
E    +  where 401 = &lt;Response [401]&gt;.status_code</failure></testcase><testcase classname="backend.tests.test_new_features_iteration34.TestEmailInvitation" name="test_send_invitation_endpoint_exists" time="0.329"><skipped type="pytest.skip" message="No appointments available for testing">/app/backend/tests/test_new_features_iteration34.py:367: No appointments available for testing</skipped></testcase><testcase classname="backend.tests.test_new_features_iteration34.TestEmailInvitation" name="test_send_invitation_not_found" time="0.296"><failure message="AssertionError: Expected 404, got 401&#10;assert 401 == 404&#10; +  where 401 = &lt;Response [401]&gt;.status_code">backend/tests/test_new_features_iteration34.py:383: in test_send_invitation_not_found
    assert response.status_code == 404, f"Expected 404, got {response.status_code}"
E   AssertionError: Expected 404, got 401
E   assert 401 == 404
E    +  where 401 = &lt;Response [401]&gt;.status_code</failure></testcase><testcase classname="backend.tests.test_new_features_iteration34.TestEmailInvitation" name="test_send_invitation_contact_without_email" time="0.294"><skipped type="pytest.skip" message="Cannot list appointments">/app/backend/tests/test_new_features_iteration34.py:398: Cannot list appointments</skipped></testcase><testcase classname="backend.tests.test_new_features_iteration34.TestGlobalStats" name="test_get_global_stats" time="0.298"><failure message="AssertionError: Global stats failed: {&quot;detail&quot;:&quot;Token invalide&quot;}&#10;assert 401 == 200&#10; +  where 401 = &lt;Response [401]&gt;.status_code">backend/tests/test_new_features_iteration34.py:436: in test_get_global_stats
    assert response.status_code == 200, f"Global stats failed: {response.text}"
E   AssertionError: Global stats failed: {"detail":"Token invalide"}
E   assert 401 == 200
E    +  where 401 = &lt;Response [401]&gt;.status_code</failure></testcase></testsuite></testsuites>