<?xml version="1.0" encoding="utf-8"?><testsuites name="pytest tests"><testsuite name="pytest" errors="0" failures="0" skipped="0" tests="9" time="5.976" timestamp="2026-01-26T18:20:28.495736+00:00" hostname="agent-env-d00d3f16-d7fb-4f9e-8c0c-a11601c421ec"><testcase classname="backend.tests.test_social_media_upload.TestSocialMediaUpload" name="test_upload_image_returns_cloudinary_url" time="1.125" /><testcase classname="backend.tests.test_social_media_upload.TestSocialMediaUpload" name="test_upload_image_with_jpeg" time="0.750" /><testcase classname="backend.tests.test_social_media_upload.TestSocialMediaUpload" name="test_upload_rejects_invalid_file_type" time="0.304" /><testcase classname="backend.tests.test_social_media_upload.TestSocialMediaUpload" name="test_upload_rejects_pdf_file" time="0.311" /><testcase classname="backend.tests.test_social_media_upload.TestSocialMediaUpload" name="test_upload_rejects_oversized_image" time="0.344" /><testcase classname="backend.tests.test_social_media_upload.TestSocialMediaUpload" name="test_upload_requires_authentication" time="0.302" /><testcase classname="backend.tests.test_social_media_upload.TestSocialMediaUpload" name="test_upload_response_contains_metadata" time="0.716" /><testcase classname="backend.tests.test_social_media_upload.TestCloudinaryURLValidation" name="test_url_is_publicly_accessible" time="1.223" /><testcase classname="backend.tests.test_social_media_upload.TestCloudinaryURLValidation" name="test_url_format_is_cloudinary" time="0.839" /></testsuite></testsuites>