<?xml version="1.0" encoding="utf-8"?><testsuites name="pytest tests"><testsuite name="pytest" errors="0" failures="0" skipped="0" tests="15" time="6.707" timestamp="2026-01-22T21:32:31.743631+00:00" hostname="agent-env-9e985f5a-4a4a-4fb6-8d1f-1d235de2e2fb"><testcase classname="backend.tests.test_new_features_iteration34.TestAuthentication" name="test_login_success" time="0.295" /><testcase classname="backend.tests.test_new_features_iteration34.TestCalendarStatistics" name="test_get_calendar_stats_success" time="0.307" /><testcase classname="backend.tests.test_new_features_iteration34.TestCalendarStatistics" name="test_get_calendar_stats_with_date_filter" time="0.505" /><testcase classname="backend.tests.test_new_features_iteration34.TestCalendarStatistics" name="test_get_calendar_stats_not_found" time="0.308" /><testcase classname="backend.tests.test_new_features_iteration34.TestCalendarStatistics" name="test_stats_breakdown_structure" time="0.301" /><testcase classname="backend.tests.test_new_features_iteration34.TestPDFExport" name="test_export_pdf_success" time="0.339" /><testcase classname="backend.tests.test_new_features_iteration34.TestPDFExport" name="test_export_pdf_with_date_filter" time="0.301" /><testcase classname="backend.tests.test_new_features_iteration34.TestPDFExport" name="test_export_pdf_not_found" time="0.295" /><testcase classname="backend.tests.test_new_features_iteration34.TestAppointmentCreation" name="test_get_existing_appointment" time="0.297" /><testcase classname="backend.tests.test_new_features_iteration34.TestAppointmentCreation" name="test_create_appointment_with_guadeloupe_timezone" time="2.174" /><testcase classname="backend.tests.test_new_features_iteration34.TestAppointmentCreation" name="test_list_appointments" time="0.316" /><testcase classname="backend.tests.test_new_features_iteration34.TestEmailInvitation" name="test_send_invitation_endpoint_exists" time="0.299" /><testcase classname="backend.tests.test_new_features_iteration34.TestEmailInvitation" name="test_send_invitation_not_found" time="0.296" /><testcase classname="backend.tests.test_new_features_iteration34.TestEmailInvitation" name="test_send_invitation_contact_without_email" time="0.304" /><testcase classname="backend.tests.test_new_features_iteration34.TestGlobalStats" name="test_get_global_stats" time="0.298" /></testsuite></testsuites>