<?xml version="1.0" encoding="utf-8"?><testsuites name="pytest tests"><testsuite name="pytest" errors="0" failures="0" skipped="0" tests="22" time="2.995" timestamp="2026-01-09T01:03:02.931885+00:00" hostname="agent-env-059e8eff-d65a-4c6e-9c32-7c234dac8748"><testcase classname="tests.test_phase2_phase3_features.TestPipelineColumnReorder" name="test_get_pipeline_columns" time="0.347" /><testcase classname="tests.test_phase2_phase3_features.TestPipelineColumnReorder" name="test_reorder_pipeline_columns" time="0.187" /><testcase classname="tests.test_phase2_phase3_features.TestBudgetAutoCategorizationRulesPhase2" name="test_get_rules" time="0.295" /><testcase classname="tests.test_phase2_phase3_features.TestBudgetAutoCategorizationRulesPhase2" name="test_create_rule_with_match_type_contains" time="0.077" /><testcase classname="tests.test_phase2_phase3_features.TestBudgetAutoCategorizationRulesPhase2" name="test_create_rule_with_match_type_starts_with" time="0.073" /><testcase classname="tests.test_phase2_phase3_features.TestBudgetAutoCategorizationRulesPhase2" name="test_create_rule_with_match_type_exact" time="0.070" /><testcase classname="tests.test_phase2_phase3_features.TestBudgetAutoCategorizationRulesPhase2" name="test_create_rule_with_match_type_regex" time="0.066" /><testcase classname="tests.test_phase2_phase3_features.TestBudgetAutoCategorizationRulesPhase2" name="test_create_rule_with_apply_to_type_credit" time="0.076" /><testcase classname="tests.test_phase2_phase3_features.TestBudgetAutoCategorizationRulesPhase2" name="test_create_rule_with_apply_to_type_debit" time="0.069" /><testcase classname="tests.test_phase2_phase3_features.TestBudgetAutoCategorizationRulesPhase2" name="test_apply_rules_endpoint" time="0.042" /><testcase classname="tests.test_phase2_phase3_features.TestBudgetAutoCategorizationRulesPhase2" name="test_apply_rules_with_month_filter" time="0.035" /><testcase classname="tests.test_phase2_phase3_features.TestBudgetForecastPhase3" name="test_get_forecasts" time="0.292" /><testcase classname="tests.test_phase2_phase3_features.TestBudgetForecastPhase3" name="test_get_forecasts_with_month_filter" time="0.035" /><testcase classname="tests.test_phase2_phase3_features.TestBudgetForecastPhase3" name="test_create_forecast_expense" time="0.105" /><testcase classname="tests.test_phase2_phase3_features.TestBudgetForecastPhase3" name="test_create_forecast_income" time="0.067" /><testcase classname="tests.test_phase2_phase3_features.TestBudgetForecastPhase3" name="test_update_forecast" time="0.107" /><testcase classname="tests.test_phase2_phase3_features.TestBudgetForecastPhase3" name="test_delete_forecast" time="0.104" /><testcase classname="tests.test_phase2_phase3_features.TestBudgetForecastPhase3" name="test_delete_forecast_not_found" time="0.035" /><testcase classname="tests.test_phase2_phase3_features.TestBudgetForecastPhase3" name="test_get_forecast_comparison" time="0.036" /><testcase classname="tests.test_phase2_phase3_features.TestBudgetForecastPhase3" name="test_copy_forecast_to_month" time="0.173" /><testcase classname="tests.test_phase2_phase3_features.TestBudgetForecastPhase3" name="test_copy_forecast_no_source" time="0.036" /><testcase classname="tests.test_phase2_phase3_features.TestBudgetRulesIntegration" name="test_rule_crud_flow" time="0.584" /></testsuite></testsuites>