<?xml version="1.0" encoding="utf-8"?><testsuites name="pytest tests"><testsuite name="pytest" errors="0" failures="0" skipped="0" tests="12" time="4.960" timestamp="2026-01-12T21:19:15.168852+00:00" hostname="agent-env-c85ebf58-3abb-45b2-a652-6c80c633ff6f"><testcase classname="tests.test_p0_p1_features.TestAuth" name="test_login_success" time="0.289" /><testcase classname="tests.test_p0_p1_features.TestInvoiceSettings" name="test_get_invoice_settings" time="0.306" /><testcase classname="tests.test_p0_p1_features.TestInvoiceSettings" name="test_update_invoice_settings_company_info" time="0.073" /><testcase classname="tests.test_p0_p1_features.TestInvoiceSettings" name="test_update_invoice_settings_conditions_bank" time="0.080" /><testcase classname="tests.test_p0_p1_features.TestPDFGeneration" name="test_download_invoice_pdf_no_500_error" time="0.662" /><testcase classname="tests.test_p0_p1_features.TestPDFGeneration" name="test_download_devis_pdf_no_500_error" time="0.343" /><testcase classname="tests.test_p0_p1_features.TestPDFGeneration" name="test_pdf_with_long_description" time="0.338" /><testcase classname="tests.test_p0_p1_features.TestEmailSending" name="test_send_email_api_returns_success" time="1.179" /><testcase classname="tests.test_p0_p1_features.TestBulkDelete" name="test_create_multiple_invoices_for_bulk_delete" time="0.452" /><testcase classname="tests.test_p0_p1_features.TestBulkDelete" name="test_delete_single_invoice" time="0.116" /><testcase classname="tests.test_p0_p1_features.TestBulkDelete" name="test_bulk_delete_multiple_invoices" time="0.342" /><testcase classname="tests.test_p0_p1_features.TestInvoiceCreation" name="test_create_facture_with_all_fields" time="0.697" /></testsuite></testsuites>