<?xml version="1.0" encoding="utf-8"?><testsuites name="pytest tests"><testsuite name="pytest" errors="0" failures="0" skipped="0" tests="22" time="1.595" timestamp="2026-01-09T00:38:33.218327+00:00" hostname="agent-env-059e8eff-d65a-4c6e-9c32-7c234dac8748"><testcase classname="tests.test_pipeline_budget.TestPipelineColumns" name="test_get_pipeline_columns" time="0.376" /><testcase classname="tests.test_pipeline_budget.TestPipelineColumns" name="test_create_pipeline_column" time="0.077" /><testcase classname="tests.test_pipeline_budget.TestPipelineColumns" name="test_create_duplicate_column_fails" time="0.079" /><testcase classname="tests.test_pipeline_budget.TestPipelineColumns" name="test_update_pipeline_column" time="0.075" /><testcase classname="tests.test_pipeline_budget.TestPipelineColumns" name="test_update_nonexistent_column" time="0.038" /><testcase classname="tests.test_pipeline_budget.TestPipelineColumns" name="test_delete_pipeline_column" time="0.078" /><testcase classname="tests.test_pipeline_budget.TestPipelineColumns" name="test_delete_nonexistent_column" time="0.043" /><testcase classname="tests.test_pipeline_budget.TestBudgetTransactions" name="test_get_transactions" time="0.036" /><testcase classname="tests.test_pipeline_budget.TestBudgetTransactions" name="test_get_transactions_with_filters" time="0.074" /><testcase classname="tests.test_pipeline_budget.TestBudgetTransactions" name="test_create_transaction" time="0.045" /><testcase classname="tests.test_pipeline_budget.TestBudgetTransactions" name="test_update_transaction" time="0.034" /><testcase classname="tests.test_pipeline_budget.TestBudgetTransactions" name="test_delete_transaction" time="0.037" /><testcase classname="tests.test_pipeline_budget.TestBudgetTransactions" name="test_delete_nonexistent_transaction" time="0.035" /><testcase classname="tests.test_pipeline_budget.TestBudgetCategories" name="test_get_categories" time="0.039" /><testcase classname="tests.test_pipeline_budget.TestBudgetCategories" name="test_create_category" time="0.075" /><testcase classname="tests.test_pipeline_budget.TestBudgetCategories" name="test_update_category" time="0.075" /><testcase classname="tests.test_pipeline_budget.TestBudgetCategories" name="test_delete_category" time="0.078" /><testcase classname="tests.test_pipeline_budget.TestBudgetCategories" name="test_delete_nonexistent_category" time="0.035" /><testcase classname="tests.test_pipeline_budget.TestBudgetSummary" name="test_get_transactions_summary" time="0.035" /><testcase classname="tests.test_pipeline_budget.TestBudgetSummary" name="test_get_budget_summary" time="0.073" /><testcase classname="tests.test_pipeline_budget.TestBudgetSummary" name="test_get_monthly_chart" time="0.037" /><testcase classname="tests.test_pipeline_budget.TestDashboardPipeline" name="test_get_dashboard_pipeline" time="0.038" /></testsuite></testsuites>