<?xml version="1.0" encoding="utf-8"?><testsuites name="pytest tests"><testsuite name="pytest" errors="0" failures="0" skipped="0" tests="20" time="1.504" timestamp="2026-02-03T20:11:14.062793+00:00" hostname="agent-env-9386b701-0f53-4461-877d-036c0224c743"><testcase classname="tests.test_whatsapp_integration.TestWhatsAppStatus" name="test_status_returns_200" time="0.107" /><testcase classname="tests.test_whatsapp_integration.TestWhatsAppStatus" name="test_status_returns_connection_info" time="0.068" /><testcase classname="tests.test_whatsapp_integration.TestWhatsAppStatus" name="test_status_returns_phone_when_connected" time="0.068" /><testcase classname="tests.test_whatsapp_integration.TestWhatsAppConfig" name="test_config_returns_200" time="0.047" /><testcase classname="tests.test_whatsapp_integration.TestWhatsAppConfig" name="test_config_returns_scheduler_settings" time="0.047" /><testcase classname="tests.test_whatsapp_integration.TestWhatsAppConfig" name="test_config_returns_correct_types" time="0.046" /><testcase classname="tests.test_whatsapp_integration.TestWhatsAppConfig" name="test_config_post_requires_secret" time="0.038" /><testcase classname="tests.test_whatsapp_integration.TestWhatsAppConfig" name="test_config_post_with_secret" time="0.045" /><testcase classname="tests.test_whatsapp_integration.TestWhatsAppTestBriefing" name="test_test_briefing_requires_secret" time="0.039" /><testcase classname="tests.test_whatsapp_integration.TestWhatsAppTestBriefing" name="test_test_briefing_morning_with_secret" time="0.142" /><testcase classname="tests.test_whatsapp_integration.TestWhatsAppTestBriefing" name="test_test_briefing_evening_with_secret" time="0.139" /><testcase classname="tests.test_whatsapp_integration.TestWhatsAppTestBriefing" name="test_test_briefing_preview_content" time="0.183" /><testcase classname="tests.test_whatsapp_integration.TestWhatsAppSendMessage" name="test_send_requires_secret" time="0.035" /><testcase classname="tests.test_whatsapp_integration.TestWhatsAppSendMessage" name="test_send_with_secret" time="0.139" /><testcase classname="tests.test_whatsapp_integration.TestWhatsAppQR" name="test_qr_returns_200" time="0.068" /><testcase classname="tests.test_whatsapp_integration.TestWhatsAppQR" name="test_qr_returns_connection_status" time="0.063" /><testcase classname="tests.test_whatsapp_integration.TestWhatsAppWebhook" name="test_webhook_accepts_text_message" time="0.037" /><testcase classname="tests.test_whatsapp_integration.TestWhatsAppWebhook" name="test_webhook_returns_reply_for_non_admin" time="0.039" /><testcase classname="tests.test_whatsapp_integration.TestWhatsAppMessages" name="test_messages_requires_secret" time="0.043" /><testcase classname="tests.test_whatsapp_integration.TestWhatsAppMessages" name="test_messages_with_secret" time="0.040" /></testsuite></testsuites>