<?xml version="1.0" encoding="utf-8"?><testsuites name="pytest tests"><testsuite name="pytest" errors="0" failures="1" skipped="0" tests="21" time="3.442" timestamp="2026-01-28T06:18:01.762535+00:00" hostname="agent-env-d00d3f16-d7fb-4f9e-8c0c-a11601c421ec"><testcase classname="backend.tests.test_multilink_module.TestMultilinkThemes" name="test_get_themes_returns_all_presets" time="0.075" /><testcase classname="backend.tests.test_multilink_module.TestMultilinkPages" name="test_list_pages_requires_auth" time="0.042" /><testcase classname="backend.tests.test_multilink_module.TestMultilinkPages" name="test_list_pages_with_auth" time="0.310" /><testcase classname="backend.tests.test_multilink_module.TestMultilinkPages" name="test_create_page_with_auto_slug" time="0.082" /><testcase classname="backend.tests.test_multilink_module.TestMultilinkPages" name="test_create_page_with_custom_slug" time="0.086" /><testcase classname="backend.tests.test_multilink_module.TestMultilinkPages" name="test_create_page_duplicate_slug_fails" time="0.112" /><testcase classname="backend.tests.test_multilink_module.TestMultilinkPages" name="test_get_page_by_id" time="0.112" /><testcase classname="backend.tests.test_multilink_module.TestMultilinkPages" name="test_get_nonexistent_page_returns_404" time="0.041" /><testcase classname="backend.tests.test_multilink_module.TestMultilinkPages" name="test_update_page" time="0.151" /><testcase classname="backend.tests.test_multilink_module.TestMultilinkPages" name="test_delete_page" time="0.115" /><testcase classname="backend.tests.test_multilink_module.TestMultilinkLinks" name="test_create_link" time="0.333" /><testcase classname="backend.tests.test_multilink_module.TestMultilinkLinks" name="test_create_link_auto_order" time="0.127" /><testcase classname="backend.tests.test_multilink_module.TestMultilinkLinks" name="test_update_link" time="0.115" /><testcase classname="backend.tests.test_multilink_module.TestMultilinkLinks" name="test_delete_link" time="0.114" /><testcase classname="backend.tests.test_multilink_module.TestMultilinkLinks" name="test_reorder_links" time="0.222"><failure message="assert 404 == 200&#10; +  where 404 = &lt;Response [404]&gt;.status_code">backend/tests/test_multilink_module.py:398: in test_reorder_links
    assert reorder_response.status_code == 200
E   assert 404 == 200
E    +  where 404 = &lt;Response [404]&gt;.status_code</failure></testcase><testcase classname="backend.tests.test_multilink_module.TestMultilinkStats" name="test_get_page_stats" time="0.370" /><testcase classname="backend.tests.test_multilink_module.TestMultilinkPublic" name="test_get_public_page_existing" time="0.037" /><testcase classname="backend.tests.test_multilink_module.TestMultilinkPublic" name="test_get_public_page_nonexistent" time="0.037" /><testcase classname="backend.tests.test_multilink_module.TestMultilinkPublic" name="test_record_click" time="0.070" /><testcase classname="backend.tests.test_multilink_module.TestMultilinkPublic" name="test_record_click_invalid_link" time="0.035" /><testcase classname="backend.tests.test_multilink_module.TestMultilinkIntegration" name="test_full_page_workflow" time="0.737" /></testsuite></testsuites>