<?xml version="1.0" encoding="utf-8"?><testsuites name="pytest tests"><testsuite name="pytest" errors="0" failures="0" skipped="0" tests="25" time="1.867" timestamp="2026-02-03T19:14:09.029090+00:00" hostname="agent-env-e62aa97c-ac98-4679-b8ef-5b6c927b60e7"><testcase classname="backend.tests.test_moltbot_p1_features.TestAudioTranscriptionHistory" name="test_history_requires_auth" time="0.069" /><testcase classname="backend.tests.test_moltbot_p1_features.TestAudioTranscriptionHistory" name="test_history_returns_200_with_auth" time="0.304" /><testcase classname="backend.tests.test_moltbot_p1_features.TestAudioTranscriptionHistory" name="test_history_returns_transcription_list" time="0.038" /><testcase classname="backend.tests.test_moltbot_p1_features.TestAudioTranscriptionHistory" name="test_history_with_limit_param" time="0.039" /><testcase classname="backend.tests.test_moltbot_p1_features.TestAudioTranscribeEndpoint" name="test_transcribe_endpoint_exists" time="0.044" /><testcase classname="backend.tests.test_moltbot_p1_features.TestAudioTranscribeEndpoint" name="test_transcribe_validates_file_format" time="0.045" /><testcase classname="backend.tests.test_moltbot_p1_features.TestAudioTranscribeEndpoint" name="test_transcribe_requires_auth" time="0.043" /><testcase classname="backend.tests.test_moltbot_p1_features.TestAudioTranscribeUrlEndpoint" name="test_transcribe_url_endpoint_exists" time="0.185" /><testcase classname="backend.tests.test_moltbot_p1_features.TestAudioTranscribeUrlEndpoint" name="test_transcribe_url_validates_request" time="0.080" /><testcase classname="backend.tests.test_moltbot_p1_features.TestAudioTranscribeUrlEndpoint" name="test_transcribe_url_requires_auth" time="0.040" /><testcase classname="backend.tests.test_moltbot_p1_features.TestWhatsAppStatus" name="test_status_returns_200" time="0.067" /><testcase classname="backend.tests.test_moltbot_p1_features.TestWhatsAppStatus" name="test_status_returns_connection_info" time="0.102" /><testcase classname="backend.tests.test_moltbot_p1_features.TestWhatsAppStatus" name="test_status_returns_setup_info_when_disconnected" time="0.062" /><testcase classname="backend.tests.test_moltbot_p1_features.TestWhatsAppConfig" name="test_config_returns_200" time="0.037" /><testcase classname="backend.tests.test_moltbot_p1_features.TestWhatsAppConfig" name="test_config_returns_scheduler_settings" time="0.040" /><testcase classname="backend.tests.test_moltbot_p1_features.TestWhatsAppConfig" name="test_config_returns_correct_types" time="0.037" /><testcase classname="backend.tests.test_moltbot_p1_features.TestWhatsAppWebhook" name="test_webhook_accepts_text_message" time="0.078" /><testcase classname="backend.tests.test_moltbot_p1_features.TestWhatsAppWebhook" name="test_webhook_accepts_audio_message_with_url" time="0.126" /><testcase classname="backend.tests.test_moltbot_p1_features.TestWhatsAppWebhook" name="test_webhook_returns_reply_for_non_admin" time="0.040" /><testcase classname="backend.tests.test_moltbot_p1_features.TestWhatsAppWebhook" name="test_webhook_validates_request_body" time="0.036" /><testcase classname="backend.tests.test_moltbot_p1_features.TestWhatsAppWebhook" name="test_webhook_handles_admin_commands" time="0.046" /><testcase classname="backend.tests.test_moltbot_p1_features.TestSchedulerIntegration" name="test_briefing_endpoint_exists" time="0.101" /><testcase classname="backend.tests.test_moltbot_p1_features.TestSchedulerIntegration" name="test_recap_endpoint_exists" time="0.060" /><testcase classname="backend.tests.test_moltbot_p1_features.TestMoltBotPageAPI" name="test_moltbot_stats_endpoint" time="0.043" /><testcase classname="backend.tests.test_moltbot_p1_features.TestMoltBotPageAPI" name="test_moltbot_briefing_endpoint" time="0.046" /></testsuite></testsuites>