<?xml version="1.0" encoding="utf-8"?><testsuites name="pytest tests"><testsuite name="pytest" errors="0" failures="3" skipped="0" tests="20" time="1.765" timestamp="2026-01-23T19:54:23.260368+00:00" hostname="agent-env-9033165e-9b0b-4682-9146-b9663d85169f"><testcase classname="backend.tests.test_social_media_module.TestAuthentication" name="test_login_success" time="0.306" /><testcase classname="backend.tests.test_social_media_module.TestSocialPostsEndpoint" name="test_create_draft_post_without_scheduled_at" time="0.302" /><testcase classname="backend.tests.test_social_media_module.TestSocialPostsEndpoint" name="test_create_draft_post_without_is_draft_flag" time="0.041" /><testcase classname="backend.tests.test_social_media_module.TestSocialPostsEndpoint" name="test_create_scheduled_post_with_scheduled_at" time="0.048" /><testcase classname="backend.tests.test_social_media_module.TestSocialPostsEndpoint" name="test_create_post_with_scheduled_at_but_is_draft_true" time="0.037" /><testcase classname="backend.tests.test_social_media_module.TestSocialPostsEndpoint" name="test_get_social_posts" time="0.041" /><testcase classname="backend.tests.test_social_media_module.TestSocialPostsEndpoint" name="test_get_social_posts_filter_by_status" time="0.045" /><testcase classname="backend.tests.test_social_media_module.TestSocialEntitiesEndpoint" name="test_get_entities" time="0.090" /><testcase classname="backend.tests.test_social_media_module.TestSocialEntitiesEndpoint" name="test_create_entity" time="0.039"><failure message="AssertionError: Failed to create entity: Internal Server Error&#10;assert 520 == 200&#10; +  where 520 = &lt;Response [520]&gt;.status_code">backend/tests/test_social_media_module.py:277: in test_create_entity
    assert response.status_code == 200, f"Failed to create entity: {response.text}"
E   AssertionError: Failed to create entity: Internal Server Error
E   assert 520 == 200
E    +  where 520 = &lt;Response [520]&gt;.status_code</failure></testcase><testcase classname="backend.tests.test_social_media_module.TestSocialEntitiesEndpoint" name="test_update_entity" time="0.034"><failure message="assert 520 == 200&#10; +  where 520 = &lt;Response [520]&gt;.status_code">backend/tests/test_social_media_module.py:302: in test_update_entity
    assert create_response.status_code == 200
E   assert 520 == 200
E    +  where 520 = &lt;Response [520]&gt;.status_code</failure></testcase><testcase classname="backend.tests.test_social_media_module.TestSocialEntitiesEndpoint" name="test_delete_entity" time="0.038"><failure message="assert 520 == 200&#10; +  where 520 = &lt;Response [520]&gt;.status_code">backend/tests/test_social_media_module.py:337: in test_delete_entity
    assert create_response.status_code == 200
E   assert 520 == 200
E    +  where 520 = &lt;Response [520]&gt;.status_code</failure></testcase><testcase classname="backend.tests.test_social_media_module.TestSocialAccountsEndpoint" name="test_get_accounts" time="0.038" /><testcase classname="backend.tests.test_social_media_module.TestSyncMetaAccounts" name="test_sync_meta_accounts_no_meta_connected" time="0.042" /><testcase classname="backend.tests.test_social_media_module.TestSocialCapabilities" name="test_get_all_capabilities" time="0.040" /><testcase classname="backend.tests.test_social_media_module.TestSocialCapabilities" name="test_get_platform_capabilities" time="0.039" /><testcase classname="backend.tests.test_social_media_module.TestSocialQueue" name="test_get_queue_scheduled" time="0.044" /><testcase classname="backend.tests.test_social_media_module.TestSocialQueue" name="test_get_queue_drafts" time="0.038" /><testcase classname="backend.tests.test_social_media_module.TestSocialStats" name="test_get_stats_overview" time="0.039" /><testcase classname="backend.tests.test_social_media_module.TestCleanup" name="test_cleanup_test_posts" time="0.188" /><testcase classname="backend.tests.test_social_media_module.TestCleanup" name="test_cleanup_test_entities" time="0.155" /></testsuite></testsuites>