<?xml version="1.0" encoding="utf-8"?><testsuites name="pytest tests"><testsuite name="pytest" errors="0" failures="2" skipped="0" tests="23" time="3.838" timestamp="2026-01-10T21:05:38.561658+00:00" hostname="agent-env-ae509e73-c74e-4728-b8c4-bd208fce4432"><testcase classname="tests.test_invoices_budget_api.TestAuth" name="test_login_success" time="0.292" /><testcase classname="tests.test_invoices_budget_api.TestAuth" name="test_login_invalid_credentials" time="0.042" /><testcase classname="tests.test_invoices_budget_api.TestInvoicesAPI" name="test_get_invoices_list" time="0.301" /><testcase classname="tests.test_invoices_budget_api.TestInvoicesAPI" name="test_create_invoice" time="0.087" /><testcase classname="tests.test_invoices_budget_api.TestInvoicesAPI" name="test_get_single_invoice" time="0.080" /><testcase classname="tests.test_invoices_budget_api.TestInvoicesAPI" name="test_update_invoice" time="0.109" /><testcase classname="tests.test_invoices_budget_api.TestInvoicesAPI" name="test_update_invoice_status" time="0.152" /><testcase classname="tests.test_invoices_budget_api.TestInvoicesAPI" name="test_delete_invoice" time="0.148" /><testcase classname="tests.test_invoices_budget_api.TestInvoicesAPI" name="test_invoice_not_found" time="0.032" /><testcase classname="tests.test_invoices_budget_api.TestInvoicePDF" name="test_download_invoice_pdf" time="1.034" /><testcase classname="tests.test_invoices_budget_api.TestInvoicePayments" name="test_add_payment" time="0.369" /><testcase classname="tests.test_invoices_budget_api.TestInvoicePayments" name="test_get_payments" time="0.032" /><testcase classname="tests.test_invoices_budget_api.TestInvoicePayments" name="test_full_payment_marks_paid" time="0.168" /><testcase classname="tests.test_invoices_budget_api.TestBudgetAPI" name="test_get_budget_entries" time="0.290" /><testcase classname="tests.test_invoices_budget_api.TestBudgetAPI" name="test_create_revenue_entry" time="0.039" /><testcase classname="tests.test_invoices_budget_api.TestBudgetAPI" name="test_create_expense_entry" time="0.080" /><testcase classname="tests.test_invoices_budget_api.TestBudgetAPI" name="test_get_single_budget_entry" time="0.070"><failure message="assert 404 == 200&#10; +  where 404 = &lt;Response [404]&gt;.status_code">tests/test_invoices_budget_api.py:415: in test_get_single_budget_entry
    assert response.status_code == 200
E   assert 404 == 200
E    +  where 404 = &lt;Response [404]&gt;.status_code</failure></testcase><testcase classname="tests.test_invoices_budget_api.TestBudgetAPI" name="test_update_budget_entry" time="0.103"><failure message="KeyError: 'amount'">tests/test_invoices_budget_api.py:445: in test_update_budget_entry
    assert data["amount"] == 750.0
           ^^^^^^^^^^^^^^
E   KeyError: 'amount'</failure></testcase><testcase classname="tests.test_invoices_budget_api.TestBudgetAPI" name="test_delete_budget_entry" time="0.108" /><testcase classname="tests.test_invoices_budget_api.TestBudgetAPI" name="test_budget_summary_stats" time="0.080" /><testcase classname="tests.test_invoices_budget_api.TestBudgetAPI" name="test_budget_filter_by_type" time="0.039" /><testcase classname="tests.test_invoices_budget_api.TestBudgetAPI" name="test_budget_categories_list" time="0.033" /><testcase classname="tests.test_invoices_budget_api.TestLeadAPI" name="test_submit_lead" time="0.034" /></testsuite></testsuites>