<?xml version="1.0" encoding="utf-8"?><testsuites name="pytest tests"><testsuite name="pytest" errors="0" failures="0" skipped="0" tests="25" time="27.318" timestamp="2026-01-09T01:27:31.109693+00:00" hostname="agent-env-059e8eff-d65a-4c6e-9c32-7c234dac8748"><testcase classname="tests.test_phase4_ai_cashflow.TestBudgetCashflow" name="test_cashflow_requires_start_month" time="0.321" /><testcase classname="tests.test_phase4_ai_cashflow.TestBudgetCashflow" name="test_cashflow_with_start_month" time="0.044" /><testcase classname="tests.test_phase4_ai_cashflow.TestBudgetCashflow" name="test_cashflow_3_months" time="0.039" /><testcase classname="tests.test_phase4_ai_cashflow.TestBudgetCashflow" name="test_cashflow_6_months" time="0.043" /><testcase classname="tests.test_phase4_ai_cashflow.TestBudgetCashflow" name="test_cashflow_12_months" time="0.048" /><testcase classname="tests.test_phase4_ai_cashflow.TestBudgetCashflow" name="test_cashflow_data_structure" time="0.041" /><testcase classname="tests.test_phase4_ai_cashflow.TestBudgetCashflow" name="test_cashflow_summary_structure" time="0.042" /><testcase classname="tests.test_phase4_ai_cashflow.TestBudgetCashflow" name="test_cashflow_requires_auth" time="0.031" /><testcase classname="tests.test_phase4_ai_cashflow.TestAIAssistantStatus" name="test_ai_status_returns_data" time="0.037" /><testcase classname="tests.test_phase4_ai_cashflow.TestAIAssistantStatus" name="test_ai_status_daily_limit" time="0.036" /><testcase classname="tests.test_phase4_ai_cashflow.TestAIAssistantStatus" name="test_ai_status_enabled" time="0.032" /><testcase classname="tests.test_phase4_ai_cashflow.TestAIAssistantStatus" name="test_ai_status_requires_auth" time="0.032" /><testcase classname="tests.test_phase4_ai_cashflow.TestAIAssistantChat" name="test_ai_chat_general_context" time="2.788" /><testcase classname="tests.test_phase4_ai_cashflow.TestAIAssistantChat" name="test_ai_chat_pipeline_context" time="5.995" /><testcase classname="tests.test_phase4_ai_cashflow.TestAIAssistantChat" name="test_ai_chat_contacts_context" time="2.714" /><testcase classname="tests.test_phase4_ai_cashflow.TestAIAssistantChat" name="test_ai_chat_invoices_context" time="4.533" /><testcase classname="tests.test_phase4_ai_cashflow.TestAIAssistantChat" name="test_ai_chat_budget_context" time="4.472" /><testcase classname="tests.test_phase4_ai_cashflow.TestAIAssistantChat" name="test_ai_chat_updates_usage" time="2.735" /><testcase classname="tests.test_phase4_ai_cashflow.TestAIAssistantChat" name="test_ai_chat_requires_auth" time="0.057" /><testcase classname="tests.test_phase4_ai_cashflow.TestAIAssistantChat" name="test_ai_chat_empty_message" time="0.182" /><testcase classname="tests.test_phase4_ai_cashflow.TestAIAssistantHistory" name="test_ai_history_returns_list" time="0.035" /><testcase classname="tests.test_phase4_ai_cashflow.TestAIAssistantHistory" name="test_ai_history_with_limit" time="0.034" /><testcase classname="tests.test_phase4_ai_cashflow.TestAIAssistantHistory" name="test_ai_history_requires_auth" time="0.037" /><testcase classname="tests.test_phase4_ai_cashflow.TestIntegration" name="test_ai_uses_crm_data" time="2.866" /><testcase classname="tests.test_phase4_ai_cashflow.TestIntegration" name="test_cashflow_with_forecast_data" time="0.039" /></testsuite></testsuites>