<?xml version="1.0" encoding="utf-8"?><testsuites name="pytest tests"><testsuite name="pytest" errors="0" failures="2" skipped="0" tests="25" time="1.848" timestamp="2026-02-03T19:12:24.106848+00:00" hostname="agent-env-e62aa97c-ac98-4679-b8ef-5b6c927b60e7"><testcase classname="backend.tests.test_moltbot_p1_features.TestAudioTranscriptionHistory" name="test_history_requires_auth" time="0.111" /><testcase classname="backend.tests.test_moltbot_p1_features.TestAudioTranscriptionHistory" name="test_history_returns_200_with_auth" time="0.317" /><testcase classname="backend.tests.test_moltbot_p1_features.TestAudioTranscriptionHistory" name="test_history_returns_transcription_list" time="0.044" /><testcase classname="backend.tests.test_moltbot_p1_features.TestAudioTranscriptionHistory" name="test_history_with_limit_param" time="0.045" /><testcase classname="backend.tests.test_moltbot_p1_features.TestAudioTranscribeEndpoint" name="test_transcribe_endpoint_exists" time="0.038" /><testcase classname="backend.tests.test_moltbot_p1_features.TestAudioTranscribeEndpoint" name="test_transcribe_validates_file_format" time="0.042" /><testcase classname="backend.tests.test_moltbot_p1_features.TestAudioTranscribeEndpoint" name="test_transcribe_requires_auth" time="0.041" /><testcase classname="backend.tests.test_moltbot_p1_features.TestAudioTranscribeUrlEndpoint" name="test_transcribe_url_endpoint_exists" time="0.151" /><testcase classname="backend.tests.test_moltbot_p1_features.TestAudioTranscribeUrlEndpoint" name="test_transcribe_url_validates_request" time="0.041" /><testcase classname="backend.tests.test_moltbot_p1_features.TestAudioTranscribeUrlEndpoint" name="test_transcribe_url_requires_auth" time="0.080" /><testcase classname="backend.tests.test_moltbot_p1_features.TestWhatsAppStatus" name="test_status_returns_200" time="0.060" /><testcase classname="backend.tests.test_moltbot_p1_features.TestWhatsAppStatus" name="test_status_returns_connection_info" time="0.065" /><testcase classname="backend.tests.test_moltbot_p1_features.TestWhatsAppStatus" name="test_status_returns_setup_info_when_disconnected" time="0.060" /><testcase classname="backend.tests.test_moltbot_p1_features.TestWhatsAppConfig" name="test_config_returns_200" time="0.039" /><testcase classname="backend.tests.test_moltbot_p1_features.TestWhatsAppConfig" name="test_config_returns_scheduler_settings" time="0.035" /><testcase classname="backend.tests.test_moltbot_p1_features.TestWhatsAppConfig" name="test_config_returns_correct_types" time="0.039" /><testcase classname="backend.tests.test_moltbot_p1_features.TestWhatsAppWebhook" name="test_webhook_accepts_text_message" time="0.039" /><testcase classname="backend.tests.test_moltbot_p1_features.TestWhatsAppWebhook" name="test_webhook_accepts_audio_message_with_url" time="0.153" /><testcase classname="backend.tests.test_moltbot_p1_features.TestWhatsAppWebhook" name="test_webhook_returns_reply_for_non_admin" time="0.042" /><testcase classname="backend.tests.test_moltbot_p1_features.TestWhatsAppWebhook" name="test_webhook_validates_request_body" time="0.036" /><testcase classname="backend.tests.test_moltbot_p1_features.TestWhatsAppWebhook" name="test_webhook_handles_admin_commands" time="0.038" /><testcase classname="backend.tests.test_moltbot_p1_features.TestSchedulerIntegration" name="test_briefing_endpoint_exists" time="0.100" /><testcase classname="backend.tests.test_moltbot_p1_features.TestSchedulerIntegration" name="test_recap_endpoint_exists" time="0.058" /><testcase classname="backend.tests.test_moltbot_p1_features.TestMoltBotPageAPI" name="test_moltbot_stats_endpoint" time="0.038"><failure message="assert 403 == 200&#10; +  where 403 = &lt;Response [403]&gt;.status_code">backend/tests/test_moltbot_p1_features.py:306: in test_moltbot_stats_endpoint
    assert response.status_code == 200
E   assert 403 == 200
E    +  where 403 = &lt;Response [403]&gt;.status_code</failure></testcase><testcase classname="backend.tests.test_moltbot_p1_features.TestMoltBotPageAPI" name="test_moltbot_briefing_endpoint" time="0.038"><failure message="assert 403 == 200&#10; +  where 403 = &lt;Response [403]&gt;.status_code">backend/tests/test_moltbot_p1_features.py:317: in test_moltbot_briefing_endpoint
    assert response.status_code == 200
E   assert 403 == 200
E    +  where 403 = &lt;Response [403]&gt;.status_code</failure></testcase></testsuite></testsuites>