<?xml version="1.0" encoding="utf-8"?><testsuites name="pytest tests"><testsuite name="pytest" errors="0" failures="0" skipped="0" tests="15" time="5.058" timestamp="2026-01-08T21:44:50.309720+00:00" hostname="agent-env-4bd51fd0-aac7-42e0-9cee-556f34fb1198"><testcase classname="tests.test_invoice_payments.TestInvoicePayments" name="test_01_get_existing_invoices" time="0.369" /><testcase classname="tests.test_invoice_payments.TestInvoicePayments" name="test_02_get_payments_for_invoice" time="0.321" /><testcase classname="tests.test_invoice_payments.TestInvoicePayments" name="test_03_get_payments_for_nonexistent_invoice" time="0.334" /><testcase classname="tests.test_invoice_payments.TestInvoicePayments" name="test_04_create_test_invoice_for_payment_tests" time="0.343" /><testcase classname="tests.test_invoice_payments.TestInvoicePayments" name="test_05_add_payment_to_invoice" time="0.355" /><testcase classname="tests.test_invoice_payments.TestInvoicePayments" name="test_06_verify_partial_payment_status" time="0.329" /><testcase classname="tests.test_invoice_payments.TestInvoicePayments" name="test_07_add_second_payment_to_complete" time="0.345" /><testcase classname="tests.test_invoice_payments.TestInvoicePayments" name="test_08_verify_paid_status" time="0.317" /><testcase classname="tests.test_invoice_payments.TestInvoicePayments" name="test_09_delete_payment" time="0.338" /><testcase classname="tests.test_invoice_payments.TestInvoicePayments" name="test_10_verify_status_after_payment_deletion" time="0.323" /><testcase classname="tests.test_invoice_payments.TestInvoicePayments" name="test_11_add_payment_to_nonexistent_invoice" time="0.323" /><testcase classname="tests.test_invoice_payments.TestInvoicePayments" name="test_12_payment_methods_validation" time="0.394" /><testcase classname="tests.test_invoice_payments.TestInvoicePayments" name="test_13_cleanup_test_invoice" time="0.320" /><testcase classname="tests.test_invoice_payments.TestExistingInvoicePayments" name="test_fac_2025_0001_has_payment" time="0.263" /><testcase classname="tests.test_invoice_payments.TestExistingInvoicePayments" name="test_fac_2026_0002_status" time="0.309" /></testsuite></testsuites>