<?xml version="1.0" encoding="utf-8"?><testsuites name="pytest tests"><testsuite name="pytest" errors="0" failures="0" skipped="0" tests="9" time="3.708" timestamp="2026-02-03T17:44:31.510620+00:00" hostname="agent-env-e62aa97c-ac98-4679-b8ef-5b6c927b60e7"><testcase classname="tests.test_moltbot_business_blog.TestBusinessSearchAPI" name="test_search_by_name" time="0.764" /><testcase classname="tests.test_moltbot_business_blog.TestBusinessSearchAPI" name="test_search_by_siret" time="0.489" /><testcase classname="tests.test_moltbot_business_blog.TestBusinessSearchAPI" name="test_search_all_companies" time="0.596" /><testcase classname="tests.test_moltbot_business_blog.TestBlogCommentModerationAPI" name="test_get_pending_comments" time="0.314" /><testcase classname="tests.test_moltbot_business_blog.TestBlogCommentModerationAPI" name="test_get_all_comments" time="0.301" /><testcase classname="tests.test_moltbot_business_blog.TestBlogCommentModerationAPI" name="test_get_comments_by_status" time="0.383" /><testcase classname="tests.test_moltbot_business_blog.TestBlogCommentModerationAPI" name="test_add_comment_to_article" time="0.342" /><testcase classname="tests.test_moltbot_business_blog.TestBlogCommentModerationAPI" name="test_moderate_comment_approve" time="0.385" /><testcase classname="tests.test_moltbot_business_blog.TestMoltBotFAQ" name="test_get_public_faq" time="0.080" /></testsuite></testsuites>