<?xml version="1.0" encoding="utf-8"?><testsuites name="pytest tests"><testsuite name="pytest" errors="0" failures="0" skipped="0" tests="10" time="2.661" timestamp="2026-01-29T19:21:52.452971+00:00" hostname="agent-env-4212ae4b-568d-4710-9b3a-286b655761c5"><testcase classname="backend.tests.test_multilink_blocks.TestTextBlockWithMarkdown" name="test_create_text_block_with_markdown" time="0.451" /><testcase classname="backend.tests.test_multilink_blocks.TestTextBlockWithMarkdown" name="test_update_text_block_content" time="0.165" /><testcase classname="backend.tests.test_multilink_blocks.TestLinkImageBlock" name="test_create_link_image_block_with_all_fields" time="0.428" /><testcase classname="backend.tests.test_multilink_blocks.TestLinkImageBlock" name="test_link_image_block_appears_in_public_page" time="0.202" /><testcase classname="backend.tests.test_multilink_blocks.TestDesignColorCustomization" name="test_update_page_custom_colors" time="0.385" /><testcase classname="backend.tests.test_multilink_blocks.TestDesignColorCustomization" name="test_custom_colors_appear_in_public_page" time="0.164" /><testcase classname="backend.tests.test_multilink_blocks.TestDesignColorCustomization" name="test_theme_presets_available" time="0.041" /><testcase classname="backend.tests.test_multilink_blocks.TestBlockCRUD" name="test_delete_block" time="0.419" /><testcase classname="backend.tests.test_multilink_blocks.TestBlockCRUD" name="test_toggle_block_active_status" time="0.191" /><testcase classname="backend.tests.test_multilink_blocks.TestBlockCRUD" name="test_inactive_block_not_in_public_page" time="0.164" /></testsuite></testsuites>