<?xml version="1.0" encoding="utf-8"?><testsuites name="pytest tests"><testsuite name="pytest" errors="0" failures="0" skipped="0" tests="13" time="5.324" timestamp="2026-01-09T17:01:39.936109+00:00" hostname="agent-env-ab62b165-3eef-4a78-9011-1beb7b3f6fa3"><testcase classname="tests.test_news_api.TestNewsAPI" name="test_get_news_categories" time="0.331" /><testcase classname="tests.test_news_api.TestNewsAPI" name="test_get_news_regions" time="0.275" /><testcase classname="tests.test_news_api.TestNewsAPI" name="test_get_news_articles_empty" time="0.366" /><testcase classname="tests.test_news_api.TestNewsAPI" name="test_refresh_news_france" time="0.856" /><testcase classname="tests.test_news_api.TestNewsAPI" name="test_refresh_news_us" time="0.627" /><testcase classname="tests.test_news_api.TestNewsAPI" name="test_refresh_news_specific_category" time="0.359" /><testcase classname="tests.test_news_api.TestNewsAPI" name="test_get_news_articles_with_filter" time="0.625" /><testcase classname="tests.test_news_api.TestNewsAPI" name="test_get_single_article" time="0.308" /><testcase classname="tests.test_news_api.TestNewsAPI" name="test_get_related_articles" time="0.318" /><testcase classname="tests.test_news_api.TestNewsAPI" name="test_delete_article" time="0.286" /><testcase classname="tests.test_news_api.TestNewsAPI" name="test_get_nonexistent_article" time="0.306" /><testcase classname="tests.test_news_api.TestInvoiceDelete" name="test_get_invoices" time="0.263" /><testcase classname="tests.test_news_api.TestInvoiceDelete" name="test_delete_invoice" time="0.350" /></testsuite></testsuites>