<?xml version="1.0" encoding="utf-8"?><testsuites name="pytest tests"><testsuite name="pytest" errors="0" failures="0" skipped="0" tests="9" time="5.787" timestamp="2026-01-29T17:41:42.400951+00:00" hostname="agent-env-10a4aa3c-21b7-43e4-94e7-77ef37073f91"><testcase classname="backend.tests.test_social_media_upload.TestSocialMediaUpload" name="test_upload_image_returns_cloudinary_url" time="0.673" /><testcase classname="backend.tests.test_social_media_upload.TestSocialMediaUpload" name="test_upload_image_with_jpeg" time="0.843" /><testcase classname="backend.tests.test_social_media_upload.TestSocialMediaUpload" name="test_upload_rejects_invalid_file_type" time="0.313" /><testcase classname="backend.tests.test_social_media_upload.TestSocialMediaUpload" name="test_upload_rejects_pdf_file" time="0.304" /><testcase classname="backend.tests.test_social_media_upload.TestSocialMediaUpload" name="test_upload_rejects_oversized_image" time="0.354" /><testcase classname="backend.tests.test_social_media_upload.TestSocialMediaUpload" name="test_upload_requires_authentication" time="0.296" /><testcase classname="backend.tests.test_social_media_upload.TestSocialMediaUpload" name="test_upload_response_contains_metadata" time="0.908" /><testcase classname="backend.tests.test_social_media_upload.TestCloudinaryURLValidation" name="test_url_is_publicly_accessible" time="1.254" /><testcase classname="backend.tests.test_social_media_upload.TestCloudinaryURLValidation" name="test_url_format_is_cloudinary" time="0.777" /></testsuite></testsuites>