<?xml version="1.0" encoding="utf-8"?><testsuites name="pytest tests"><testsuite name="pytest" errors="0" failures="0" skipped="0" tests="9" time="1.224" timestamp="2026-01-10T23:26:50.913416+00:00" hostname="agent-env-b723fba5-e16e-44db-9153-12c53afedb89"><testcase classname="tests.test_glassmorphic_theme.TestAuth" name="test_login_success" time="0.285" /><testcase classname="tests.test_glassmorphic_theme.TestAIDocumentAccess" name="test_ai_status_context_aware" time="0.300" /><testcase classname="tests.test_glassmorphic_theme.TestAIDocumentAccess" name="test_ai_context_includes_documents" time="0.044" /><testcase classname="tests.test_glassmorphic_theme.TestAIDocumentAccess" name="test_list_documents_action" time="0.040" /><testcase classname="tests.test_glassmorphic_theme.TestAIDocumentAccess" name="test_list_documents_with_filter" time="0.085" /><testcase classname="tests.test_glassmorphic_theme.TestFileManager" name="test_get_folders" time="0.299" /><testcase classname="tests.test_glassmorphic_theme.TestFileManager" name="test_get_documents" time="0.040" /><testcase classname="tests.test_glassmorphic_theme.TestFileManager" name="test_get_stats" time="0.038" /><testcase classname="tests.test_glassmorphic_theme.TestThemeContext" name="test_frontend_env_exists" time="0.034" /></testsuite></testsuites>