<?xml version="1.0" encoding="utf-8"?><testsuites name="pytest tests"><testsuite name="pytest" errors="0" failures="0" skipped="0" tests="20" time="7.854" timestamp="2026-01-26T16:41:46.555552+00:00" hostname="agent-env-d00d3f16-d7fb-4f9e-8c0c-a11601c421ec"><testcase classname="backend.tests.test_deposit_balance_invoices.TestDepositBalanceInvoices" name="test_create_deposit_invoice_percent" time="0.423" /><testcase classname="backend.tests.test_deposit_balance_invoices.TestDepositBalanceInvoices" name="test_create_deposit_invoice_fixed_amount" time="0.433" /><testcase classname="backend.tests.test_deposit_balance_invoices.TestDepositBalanceInvoices" name="test_create_multiple_deposits" time="0.404" /><testcase classname="backend.tests.test_deposit_balance_invoices.TestDepositBalanceInvoices" name="test_deposit_validation_exceeds_100_percent" time="0.358" /><testcase classname="backend.tests.test_deposit_balance_invoices.TestDepositBalanceInvoices" name="test_deposit_on_non_facture_fails" time="0.314" /><testcase classname="backend.tests.test_deposit_balance_invoices.TestDepositBalanceInvoices" name="test_deposit_on_deposit_fails" time="0.378" /><testcase classname="backend.tests.test_deposit_balance_invoices.TestDepositBalanceInvoices" name="test_create_balance_invoice" time="0.461" /><testcase classname="backend.tests.test_deposit_balance_invoices.TestDepositBalanceInvoices" name="test_balance_without_deposits_requires_force" time="0.371" /><testcase classname="backend.tests.test_deposit_balance_invoices.TestDepositBalanceInvoices" name="test_only_one_balance_per_parent" time="0.464" /><testcase classname="backend.tests.test_deposit_balance_invoices.TestDepositBalanceInvoices" name="test_get_related_invoices" time="0.456" /><testcase classname="backend.tests.test_deposit_balance_invoices.TestDepositBalanceInvoices" name="test_get_related_from_child_invoice" time="0.374" /><testcase classname="backend.tests.test_deposit_balance_invoices.TestDepositBalanceInvoices" name="test_deposit_numbering_format" time="0.447" /><testcase classname="backend.tests.test_deposit_balance_invoices.TestDepositBalanceInvoices" name="test_balance_numbering_format" time="0.397" /><testcase classname="backend.tests.test_deposit_balance_invoices.TestDepositBalanceInvoices" name="test_payment_on_deposit_syncs_parent" time="0.419" /><testcase classname="backend.tests.test_deposit_balance_invoices.TestDepositBalanceInvoices" name="test_deposit_invoice_has_correct_type" time="0.467" /><testcase classname="backend.tests.test_deposit_balance_invoices.TestDepositBalanceInvoices" name="test_balance_invoice_has_correct_type" time="0.432" /><testcase classname="backend.tests.test_deposit_balance_invoices.TestDepositBalanceEdgeCases" name="test_deposit_on_nonexistent_invoice" time="0.310" /><testcase classname="backend.tests.test_deposit_balance_invoices.TestDepositBalanceEdgeCases" name="test_balance_on_nonexistent_invoice" time="0.280" /><testcase classname="backend.tests.test_deposit_balance_invoices.TestDepositBalanceEdgeCases" name="test_related_on_nonexistent_invoice" time="0.272" /><testcase classname="backend.tests.test_deposit_balance_invoices.TestDepositBalanceEdgeCases" name="test_deposit_without_auth" time="0.302" /></testsuite></testsuites>