<?xml version="1.0" encoding="utf-8"?><testsuites name="pytest tests"><testsuite name="pytest" errors="0" failures="1" skipped="0" tests="14" time="4.578" timestamp="2026-02-05T18:20:59.153764+00:00" hostname="agent-env-508dfa29-a595-4127-bdd3-b1549f69d58c"><testcase classname="backend.tests.test_societe_whatsapp_iteration55.TestAuthentication" name="test_login_success" time="0.337" /><testcase classname="backend.tests.test_societe_whatsapp_iteration55.TestAuthentication" name="test_login_invalid_credentials" time="0.044" /><testcase classname="backend.tests.test_societe_whatsapp_iteration55.TestSocieteComAPI" name="test_search_company_by_name" time="1.043" /><testcase classname="backend.tests.test_societe_whatsapp_iteration55.TestSocieteComAPI" name="test_search_company_with_ville" time="0.633" /><testcase classname="backend.tests.test_societe_whatsapp_iteration55.TestSocieteComAPI" name="test_get_company_details_by_siren" time="1.047" /><testcase classname="backend.tests.test_societe_whatsapp_iteration55.TestSocieteComAPI" name="test_search_company_unauthorized" time="0.043" /><testcase classname="backend.tests.test_societe_whatsapp_iteration55.TestWhatsAppWebhook" name="test_webhook_post_accessible" time="0.039" /><testcase classname="backend.tests.test_societe_whatsapp_iteration55.TestWhatsAppWebhook" name="test_webhook_get_not_allowed" time="0.042" /><testcase classname="backend.tests.test_societe_whatsapp_iteration55.TestWhatsAppWebhook" name="test_whatsapp_status_endpoint" time="0.258" /><testcase classname="backend.tests.test_societe_whatsapp_iteration55.TestContactsAPI" name="test_get_contacts_list" time="0.306" /><testcase classname="backend.tests.test_societe_whatsapp_iteration55.TestContactsAPI" name="test_contacts_unauthorized" time="0.044" /><testcase classname="backend.tests.test_societe_whatsapp_iteration55.TestMoltBotAPI" name="test_moltbot_stats" time="0.296"><failure message="AssertionError: MoltBot stats failed: {&quot;detail&quot;:&quot;Accès réservé aux administrateurs&quot;}&#10;assert 403 == 200&#10; +  where 403 = &lt;Response [403]&gt;.status_code">backend/tests/test_societe_whatsapp_iteration55.py:280: in test_moltbot_stats
    assert response.status_code == 200, f"MoltBot stats failed: {response.text}"
E   AssertionError: MoltBot stats failed: {"detail":"Accès réservé aux administrateurs"}
E   assert 403 == 200
E    +  where 403 = &lt;Response [403]&gt;.status_code</failure></testcase><testcase classname="backend.tests.test_societe_whatsapp_iteration55.TestMoltBotAPI" name="test_moltbot_public_faq" time="0.042" /><testcase classname="backend.tests.test_societe_whatsapp_iteration55.TestPDFGeneration" name="test_invoices_list" time="0.304" /></testsuite></testsuites>