<?xml version="1.0" encoding="utf-8"?><testsuites name="pytest tests"><testsuite name="pytest" errors="0" failures="0" skipped="0" tests="12" time="3.917" timestamp="2026-01-10T22:52:36.712199+00:00" hostname="agent-env-b723fba5-e16e-44db-9153-12c53afedb89"><testcase classname="tests.test_ui_fixes.TestAuthAPI" name="test_login_success" time="0.277" /><testcase classname="tests.test_ui_fixes.TestAuthAPI" name="test_login_invalid_credentials" time="0.040" /><testcase classname="tests.test_ui_fixes.TestAIEnhancedAPI" name="test_ai_status" time="0.298" /><testcase classname="tests.test_ui_fixes.TestAIEnhancedAPI" name="test_ai_context_endpoint" time="0.298" /><testcase classname="tests.test_ui_fixes.TestAIEnhancedAPI" name="test_ai_chat_with_context" time="0.826" /><testcase classname="tests.test_ui_fixes.TestDashboardAPI" name="test_dashboard_stats" time="0.303" /><testcase classname="tests.test_ui_fixes.TestTasksAPI" name="test_get_tasks" time="0.296" /><testcase classname="tests.test_ui_fixes.TestTasksAPI" name="test_tasks_stats" time="0.292" /><testcase classname="tests.test_ui_fixes.TestContactsAPI" name="test_get_contacts" time="0.298" /><testcase classname="tests.test_ui_fixes.TestInvoicesAPI" name="test_get_invoices" time="0.337" /><testcase classname="tests.test_ui_fixes.TestNotificationsData" name="test_overdue_tasks_for_notifications" time="0.293" /><testcase classname="tests.test_ui_fixes.TestNotificationsData" name="test_leads_for_notifications" time="0.294" /></testsuite></testsuites>