<?xml version="1.0" encoding="utf-8"?><testsuites name="pytest tests"><testsuite name="pytest" errors="0" failures="1" skipped="0" tests="18" time="3.635" timestamp="2026-01-29T05:02:39.710627+00:00" hostname="agent-env-10a4aa3c-21b7-43e4-94e7-77ef37073f91"><testcase classname="backend.tests.test_multilink_sections.TestSectionCRUD" name="test_get_sections_requires_auth" time="0.402" /><testcase classname="backend.tests.test_multilink_sections.TestSectionCRUD" name="test_get_sections_empty_initially" time="0.037" /><testcase classname="backend.tests.test_multilink_sections.TestSectionCRUD" name="test_create_carousel_section" time="0.114" /><testcase classname="backend.tests.test_multilink_sections.TestSectionCRUD" name="test_create_text_section" time="0.117" /><testcase classname="backend.tests.test_multilink_sections.TestSectionCRUD" name="test_create_image_section" time="0.114" /><testcase classname="backend.tests.test_multilink_sections.TestSectionCRUD" name="test_create_divider_section" time="0.068" /><testcase classname="backend.tests.test_multilink_sections.TestSectionCRUD" name="test_create_header_section" time="0.071" /><testcase classname="backend.tests.test_multilink_sections.TestSectionCRUD" name="test_update_section" time="0.149" /><testcase classname="backend.tests.test_multilink_sections.TestSectionCRUD" name="test_delete_section" time="0.103" /><testcase classname="backend.tests.test_multilink_sections.TestSectionCRUD" name="test_delete_nonexistent_section_returns_404" time="0.034" /><testcase classname="backend.tests.test_multilink_sections.TestSectionOrdering" name="test_sections_ordered_by_order_field" time="0.600" /><testcase classname="backend.tests.test_multilink_sections.TestSectionOrdering" name="test_reorder_sections" time="0.275" /><testcase classname="backend.tests.test_multilink_sections.TestPublicPageWithSections" name="test_public_page_includes_active_sections" time="0.439" /><testcase classname="backend.tests.test_multilink_sections.TestPublicPageWithSections" name="test_public_page_excludes_inactive_sections" time="0.149" /><testcase classname="backend.tests.test_multilink_sections.TestLinkThumbnails" name="test_create_link_with_thumbnail" time="0.406"><failure message="KeyError: 'thumbnail'">backend/tests/test_multilink_sections.py:424: in test_create_link_with_thumbnail
    assert created_link["thumbnail"] == "https://picsum.photos/400/300"
           ^^^^^^^^^^^^^^^^^^^^^^^^^
E   KeyError: 'thumbnail'</failure></testcase><testcase classname="backend.tests.test_multilink_sections.TestLinkThumbnails" name="test_update_link_thumbnail" time="0.136" /><testcase classname="backend.tests.test_multilink_sections.TestImageUpload" name="test_upload_image_requires_auth" time="0.032" /><testcase classname="backend.tests.test_multilink_sections.TestImageUpload" name="test_upload_image_rejects_non_image" time="0.291" /></testsuite></testsuites>