<?xml version="1.0" encoding="utf-8"?><testsuites name="pytest tests"><testsuite name="pytest" errors="0" failures="0" skipped="0" tests="16" time="65.030" timestamp="2026-02-03T18:24:41.833633+00:00" hostname="agent-env-e62aa97c-ac98-4679-b8ef-5b6c927b60e7"><testcase classname="backend.tests.test_document_ai.TestDocumentAICategories" name="test_get_categories_returns_200" time="0.370" /><testcase classname="backend.tests.test_document_ai.TestDocumentAICategories" name="test_get_categories_returns_16_categories" time="0.044" /><testcase classname="backend.tests.test_document_ai.TestDocumentAICategories" name="test_get_categories_structure" time="0.046" /><testcase classname="backend.tests.test_document_ai.TestDocumentAICategories" name="test_get_categories_requires_auth" time="0.043" /><testcase classname="backend.tests.test_document_ai.TestDocumentAISuggestions" name="test_get_suggestions_returns_200" time="0.039" /><testcase classname="backend.tests.test_document_ai.TestDocumentAISuggestions" name="test_get_suggestions_structure" time="0.046" /><testcase classname="backend.tests.test_document_ai.TestDocumentAISuggestions" name="test_get_suggestions_item_structure" time="0.082" /><testcase classname="backend.tests.test_document_ai.TestDocumentAISuggestions" name="test_get_suggestions_requires_auth" time="0.042" /><testcase classname="backend.tests.test_document_ai.TestDocumentAIAnalyze" name="test_analyze_document_returns_200" time="4.773" /><testcase classname="backend.tests.test_document_ai.TestDocumentAIAnalyze" name="test_analyze_document_returns_success" time="6.530" /><testcase classname="backend.tests.test_document_ai.TestDocumentAIAnalyze" name="test_analyze_document_returns_required_fields" time="34.825" /><testcase classname="backend.tests.test_document_ai.TestDocumentAIAnalyze" name="test_analyze_document_returns_summary" time="17.937" /><testcase classname="backend.tests.test_document_ai.TestDocumentAIAnalyze" name="test_analyze_invalid_document_returns_404" time="0.067" /><testcase classname="backend.tests.test_document_ai.TestDocumentAIAnalyze" name="test_analyze_requires_auth" time="0.038" /><testcase classname="backend.tests.test_document_ai.TestDocumentAIAutoClassify" name="test_auto_classify_returns_200" time="0.043" /><testcase classname="backend.tests.test_document_ai.TestDocumentAIAutoClassify" name="test_auto_classify_returns_suggestions" time="0.039" /></testsuite></testsuites>