<?xml version="1.0" encoding="utf-8"?><testsuites name="pytest tests"><testsuite name="pytest" errors="0" failures="0" skipped="0" tests="10" time="5.600" timestamp="2026-01-11T17:20:32.363157+00:00" hostname="agent-env-0afa68ff-5363-41b4-b6ce-806657171d46"><testcase classname="tests.test_invoices_devis_fix.TestInvoicesDevisFix" name="test_01_create_devis_returns_dev_prefix" time="0.381" /><testcase classname="tests.test_invoices_devis_fix.TestInvoicesDevisFix" name="test_02_create_facture_returns_fac_prefix" time="0.648" /><testcase classname="tests.test_invoices_devis_fix.TestInvoicesDevisFix" name="test_03_create_default_document_type_is_facture" time="0.342" /><testcase classname="tests.test_invoices_devis_fix.TestInvoicesDevisFix" name="test_04_get_invoices_list" time="0.293" /><testcase classname="tests.test_invoices_devis_fix.TestInvoicesDevisFix" name="test_05_get_single_invoice" time="0.391" /><testcase classname="tests.test_invoices_devis_fix.TestInvoicesDevisFix" name="test_06_get_invoice_pdf" time="0.999" /><testcase classname="tests.test_invoices_devis_fix.TestInvoicesDevisFix" name="test_07_get_invoice_pdf_url" time="1.611" /><testcase classname="tests.test_invoices_devis_fix.TestInvoicesDevisFix" name="test_08_verify_existing_invoices_have_correct_prefixes" time="0.288" /><testcase classname="tests.test_invoices_devis_fix.TestInvoicesAPI" name="test_invoices_endpoint_accessible" time="0.283" /><testcase classname="tests.test_invoices_devis_fix.TestInvoicesAPI" name="test_invoices_filter_by_status" time="0.288" /></testsuite></testsuites>