<?xml version="1.0" encoding="utf-8"?><testsuites name="pytest tests"><testsuite name="pytest" errors="0" failures="1" skipped="0" tests="17" time="4.487" timestamp="2026-01-13T03:52:42.758320+00:00" hostname="agent-env-2a84ffee-700f-493e-9090-98d9d5a0e321"><testcase classname="tests.test_pdf_chunk_email_features.TestAuthentication" name="test_login_success" time="0.282" /><testcase classname="tests.test_pdf_chunk_email_features.TestInvoiceListAndGet" name="test_list_invoices" time="0.051" /><testcase classname="tests.test_pdf_chunk_email_features.TestInvoiceListAndGet" name="test_get_devis_long_desc" time="0.037" /><testcase classname="tests.test_pdf_chunk_email_features.TestInvoiceListAndGet" name="test_get_devis_short_desc" time="0.042" /><testcase classname="tests.test_pdf_chunk_email_features.TestPDFGenerationLongDescriptions" name="test_pdf_generation_long_desc" time="0.333" /><testcase classname="tests.test_pdf_chunk_email_features.TestPDFGenerationLongDescriptions" name="test_pdf_url_generation_long_desc" time="0.756" /><testcase classname="tests.test_pdf_chunk_email_features.TestPDFGenerationShortDescriptions" name="test_pdf_generation_short_desc" time="0.253" /><testcase classname="tests.test_pdf_chunk_email_features.TestPDFDatesDisplay" name="test_devis_has_dates" time="0.044" /><testcase classname="tests.test_pdf_chunk_email_features.TestEmailLogoAPI" name="test_get_email_logo" time="0.039" /><testcase classname="tests.test_pdf_chunk_email_features.TestEmailTemplatesAPI" name="test_get_email_templates" time="0.076" /><testcase classname="tests.test_pdf_chunk_email_features.TestEmailTemplatesAPI" name="test_send_test_email_with_dynamic_email" time="0.889"><failure message="AssertionError: Email should be sent to test@example.com, got admin@alphagency.fr&#10;assert ('test@example.com' in 'admin@alphagency.fr' or 'admin@alphagency.fr' == 'test@example.com'&#10;  &#10;  - test@example.com&#10;  + admin@alphagency.fr)">tests/test_pdf_chunk_email_features.py:256: in test_send_test_email_with_dynamic_email
    assert test_email_address in sent_to or sent_to == test_email_address, \
E   AssertionError: Email should be sent to test@example.com, got admin@alphagency.fr
E   assert ('test@example.com' in 'admin@alphagency.fr' or 'admin@alphagency.fr' == 'test@example.com'
E     
E     - test@example.com
E     + admin@alphagency.fr)</failure></testcase><testcase classname="tests.test_pdf_chunk_email_features.TestCreateDevisWithVeryLongDescription" name="test_create_devis_with_2000_char_description" time="0.375" /><testcase classname="tests.test_pdf_chunk_email_features.TestPDFNoGreyBackground" name="test_pdf_content_structure" time="0.285" /><testcase classname="tests.test_pdf_chunk_email_features.TestAllInvoiceAPIs" name="test_list_invoices_api" time="0.036" /><testcase classname="tests.test_pdf_chunk_email_features.TestAllInvoiceAPIs" name="test_get_invoice_api" time="0.033" /><testcase classname="tests.test_pdf_chunk_email_features.TestAllInvoiceAPIs" name="test_get_invoice_pdf_api" time="0.282" /><testcase classname="tests.test_pdf_chunk_email_features.TestAllInvoiceAPIs" name="test_get_invoice_pdf_url_api" time="0.576" /></testsuite></testsuites>