<?xml version="1.0" encoding="utf-8"?><testsuites name="pytest tests"><testsuite name="pytest" errors="0" failures="0" skipped="0" tests="14" time="3.226" timestamp="2026-01-10T23:12:28.177903+00:00" hostname="agent-env-b723fba5-e16e-44db-9153-12c53afedb89"><testcase classname="tests.test_ai_filemanager.TestAuth" name="test_login_success" time="0.278" /><testcase classname="tests.test_ai_filemanager.TestAuth" name="test_login_invalid_credentials" time="0.037" /><testcase classname="tests.test_ai_filemanager.TestAIEnhancedStatus" name="test_ai_status" time="0.295" /><testcase classname="tests.test_ai_filemanager.TestAIContext" name="test_get_context" time="0.337" /><testcase classname="tests.test_ai_filemanager.TestAIActions" name="test_execute_create_task_action" time="0.332" /><testcase classname="tests.test_ai_filemanager.TestAIActions" name="test_execute_create_quote_action" time="0.039" /><testcase classname="tests.test_ai_filemanager.TestFileManagerStats" name="test_get_stats" time="0.297" /><testcase classname="tests.test_ai_filemanager.TestFileManagerFolders" name="test_create_folder" time="0.298" /><testcase classname="tests.test_ai_filemanager.TestFileManagerFolders" name="test_list_folders" time="0.037" /><testcase classname="tests.test_ai_filemanager.TestFileManagerFolders" name="test_get_folder_tree" time="0.038" /><testcase classname="tests.test_ai_filemanager.TestFileManagerDocuments" name="test_list_documents" time="0.296" /><testcase classname="tests.test_ai_filemanager.TestFileManagerDocuments" name="test_upload_document" time="0.412" /><testcase classname="tests.test_ai_filemanager.TestCleanup" name="test_cleanup_test_tasks" time="0.327" /><testcase classname="tests.test_ai_filemanager.TestCleanup" name="test_cleanup_test_folders" time="0.150" /></testsuite></testsuites>