<?xml version="1.0" encoding="utf-8"?><testsuites name="pytest tests"><testsuite name="pytest" errors="0" failures="2" skipped="0" tests="25" time="28.140" timestamp="2026-01-09T01:24:37.476592+00:00" hostname="agent-env-059e8eff-d65a-4c6e-9c32-7c234dac8748"><testcase classname="tests.test_phase4_ai_cashflow.TestBudgetCashflow" name="test_cashflow_default_params" time="0.436"><failure message="assert 422 == 200&#10; +  where 422 = &lt;Response [422]&gt;.status_code">tests/test_phase4_ai_cashflow.py:54: in test_cashflow_default_params
    assert response.status_code == 200
E   assert 422 == 200
E    +  where 422 = &lt;Response [422]&gt;.status_code</failure></testcase><testcase classname="tests.test_phase4_ai_cashflow.TestBudgetCashflow" name="test_cashflow_with_start_month" time="0.041" /><testcase classname="tests.test_phase4_ai_cashflow.TestBudgetCashflow" name="test_cashflow_3_months" time="0.043" /><testcase classname="tests.test_phase4_ai_cashflow.TestBudgetCashflow" name="test_cashflow_6_months" time="0.045" /><testcase classname="tests.test_phase4_ai_cashflow.TestBudgetCashflow" name="test_cashflow_12_months" time="0.040" /><testcase classname="tests.test_phase4_ai_cashflow.TestBudgetCashflow" name="test_cashflow_data_structure" time="0.036" /><testcase classname="tests.test_phase4_ai_cashflow.TestBudgetCashflow" name="test_cashflow_summary_structure" time="0.042" /><testcase classname="tests.test_phase4_ai_cashflow.TestBudgetCashflow" name="test_cashflow_requires_auth" time="0.074" /><testcase classname="tests.test_phase4_ai_cashflow.TestAIAssistantStatus" name="test_ai_status_returns_data" time="0.033" /><testcase classname="tests.test_phase4_ai_cashflow.TestAIAssistantStatus" name="test_ai_status_daily_limit" time="0.035" /><testcase classname="tests.test_phase4_ai_cashflow.TestAIAssistantStatus" name="test_ai_status_enabled" time="0.033" /><testcase classname="tests.test_phase4_ai_cashflow.TestAIAssistantStatus" name="test_ai_status_requires_auth" time="0.076" /><testcase classname="tests.test_phase4_ai_cashflow.TestAIAssistantChat" name="test_ai_chat_general_context" time="2.060" /><testcase classname="tests.test_phase4_ai_cashflow.TestAIAssistantChat" name="test_ai_chat_pipeline_context" time="3.176" /><testcase classname="tests.test_phase4_ai_cashflow.TestAIAssistantChat" name="test_ai_chat_contacts_context" time="3.748" /><testcase classname="tests.test_phase4_ai_cashflow.TestAIAssistantChat" name="test_ai_chat_invoices_context" time="5.134" /><testcase classname="tests.test_phase4_ai_cashflow.TestAIAssistantChat" name="test_ai_chat_budget_context" time="3.854" /><testcase classname="tests.test_phase4_ai_cashflow.TestAIAssistantChat" name="test_ai_chat_updates_usage" time="6.153" /><testcase classname="tests.test_phase4_ai_cashflow.TestAIAssistantChat" name="test_ai_chat_requires_auth" time="0.055" /><testcase classname="tests.test_phase4_ai_cashflow.TestAIAssistantChat" name="test_ai_chat_empty_message" time="0.153"><failure message="assert 521 in [200, 400, 422]&#10; +  where 521 = &lt;Response [521]&gt;.status_code">tests/test_phase4_ai_cashflow.py:343: in test_ai_chat_empty_message
    assert response.status_code in [200, 400, 422]
E   assert 521 in [200, 400, 422]
E    +  where 521 = &lt;Response [521]&gt;.status_code</failure></testcase><testcase classname="tests.test_phase4_ai_cashflow.TestAIAssistantHistory" name="test_ai_history_returns_list" time="0.040" /><testcase classname="tests.test_phase4_ai_cashflow.TestAIAssistantHistory" name="test_ai_history_with_limit" time="0.039" /><testcase classname="tests.test_phase4_ai_cashflow.TestAIAssistantHistory" name="test_ai_history_requires_auth" time="0.035" /><testcase classname="tests.test_phase4_ai_cashflow.TestIntegration" name="test_ai_uses_crm_data" time="2.612" /><testcase classname="tests.test_phase4_ai_cashflow.TestIntegration" name="test_cashflow_with_forecast_data" time="0.039" /></testsuite></testsuites>