<?xml version="1.0" encoding="utf-8"?><testsuites name="pytest tests"><testsuite name="pytest" errors="0" failures="0" skipped="0" tests="18" time="84.476" timestamp="2026-01-29T05:03:26.815212+00:00" hostname="agent-env-10a4aa3c-21b7-43e4-94e7-77ef37073f91"><testcase classname="backend.tests.test_multilink_sections.TestSectionCRUD" name="test_get_sections_requires_auth" time="0.412" /><testcase classname="backend.tests.test_multilink_sections.TestSectionCRUD" name="test_get_sections_empty_initially" time="0.044" /><testcase classname="backend.tests.test_multilink_sections.TestSectionCRUD" name="test_create_carousel_section" time="0.104" /><testcase classname="backend.tests.test_multilink_sections.TestSectionCRUD" name="test_create_text_section" time="0.099" /><testcase classname="backend.tests.test_multilink_sections.TestSectionCRUD" name="test_create_image_section" time="0.104" /><testcase classname="backend.tests.test_multilink_sections.TestSectionCRUD" name="test_create_divider_section" time="0.073" /><testcase classname="backend.tests.test_multilink_sections.TestSectionCRUD" name="test_create_header_section" time="0.068" /><testcase classname="backend.tests.test_multilink_sections.TestSectionCRUD" name="test_update_section" time="0.181" /><testcase classname="backend.tests.test_multilink_sections.TestSectionCRUD" name="test_delete_section" time="0.109" /><testcase classname="backend.tests.test_multilink_sections.TestSectionCRUD" name="test_delete_nonexistent_section_returns_404" time="0.037" /><testcase classname="backend.tests.test_multilink_sections.TestSectionOrdering" name="test_sections_ordered_by_order_field" time="0.616" /><testcase classname="backend.tests.test_multilink_sections.TestSectionOrdering" name="test_reorder_sections" time="0.280" /><testcase classname="backend.tests.test_multilink_sections.TestPublicPageWithSections" name="test_public_page_includes_active_sections" time="0.516" /><testcase classname="backend.tests.test_multilink_sections.TestPublicPageWithSections" name="test_public_page_excludes_inactive_sections" time="0.182" /><testcase classname="backend.tests.test_multilink_sections.TestLinkThumbnails" name="test_create_link_with_thumbnail" time="12.682" /><testcase classname="backend.tests.test_multilink_sections.TestLinkThumbnails" name="test_update_link_thumbnail" time="0.174" /><testcase classname="backend.tests.test_multilink_sections.TestImageUpload" name="test_upload_image_requires_auth" time="68.373" /><testcase classname="backend.tests.test_multilink_sections.TestImageUpload" name="test_upload_image_rejects_non_image" time="0.370" /></testsuite></testsuites>