<?xml version="1.0" encoding="utf-8"?><testsuites name="pytest tests"><testsuite name="pytest" errors="0" failures="0" skipped="0" tests="8" time="5.152" timestamp="2026-01-13T03:08:39.602175+00:00" hostname="agent-env-2a84ffee-700f-493e-9090-98d9d5a0e321"><testcase classname="tests.test_pdf_long_description_fix.TestLoginAPI" name="test_login_success" time="0.279" /><testcase classname="tests.test_pdf_long_description_fix.TestPDFLongDescriptionFix" name="test_get_problematic_devis" time="0.299" /><testcase classname="tests.test_pdf_long_description_fix.TestPDFLongDescriptionFix" name="test_pdf_generation_for_problematic_devis" time="0.329" /><testcase classname="tests.test_pdf_long_description_fix.TestPDFLongDescriptionFix" name="test_pdf_url_generation_for_problematic_devis" time="0.589" /><testcase classname="tests.test_pdf_long_description_fix.TestPDFLongDescriptionFix" name="test_create_devis_with_2000_char_description" time="0.314" /><testcase classname="tests.test_pdf_long_description_fix.TestPDFLongDescriptionFix" name="test_create_devis_with_multiple_long_descriptions" time="0.315" /><testcase classname="tests.test_pdf_long_description_fix.TestPDFFormatting" name="test_pdf_has_correct_headers" time="0.303" /><testcase classname="tests.test_pdf_long_description_fix.TestAllInvoicesPDF" name="test_pdf_for_all_devis" time="2.662" /></testsuite></testsuites>