<?xml version="1.0" encoding="utf-8"?><testsuites name="pytest tests"><testsuite name="pytest" errors="0" failures="2" skipped="0" tests="12" time="3.891" timestamp="2026-01-10T22:51:38.019566+00:00" hostname="agent-env-b723fba5-e16e-44db-9153-12c53afedb89"><testcase classname="tests.test_ui_fixes.TestAuthAPI" name="test_login_success" time="0.299" /><testcase classname="tests.test_ui_fixes.TestAuthAPI" name="test_login_invalid_credentials" time="0.040" /><testcase classname="tests.test_ui_fixes.TestAIEnhancedAPI" name="test_ai_status" time="0.297" /><testcase classname="tests.test_ui_fixes.TestAIEnhancedAPI" name="test_ai_context_endpoint" time="0.345" /><testcase classname="tests.test_ui_fixes.TestAIEnhancedAPI" name="test_ai_chat_with_context" time="0.659"><failure message="assert 520 == 200&#10; +  where 520 = &lt;Response [520]&gt;.status_code">tests/test_ui_fixes.py:88: in test_ai_chat_with_context
    assert response.status_code == 200
E   assert 520 == 200
E    +  where 520 = &lt;Response [520]&gt;.status_code</failure></testcase><testcase classname="tests.test_ui_fixes.TestDashboardAPI" name="test_dashboard_stats" time="0.313" /><testcase classname="tests.test_ui_fixes.TestTasksAPI" name="test_get_tasks" time="0.300" /><testcase classname="tests.test_ui_fixes.TestTasksAPI" name="test_tasks_stats" time="0.301"><failure message="assert 404 == 200&#10; +  where 404 = &lt;Response [404]&gt;.status_code">tests/test_ui_fixes.py:152: in test_tasks_stats
    assert response.status_code == 200
E   assert 404 == 200
E    +  where 404 = &lt;Response [404]&gt;.status_code</failure></testcase><testcase classname="tests.test_ui_fixes.TestContactsAPI" name="test_get_contacts" time="0.304" /><testcase classname="tests.test_ui_fixes.TestInvoicesAPI" name="test_get_invoices" time="0.295" /><testcase classname="tests.test_ui_fixes.TestNotificationsData" name="test_overdue_tasks_for_notifications" time="0.336" /><testcase classname="tests.test_ui_fixes.TestNotificationsData" name="test_leads_for_notifications" time="0.302" /></testsuite></testsuites>