<?xml version="1.0" encoding="utf-8"?><testsuites name="pytest tests"><testsuite name="pytest" errors="0" failures="0" skipped="0" tests="21" time="6.750" timestamp="2026-01-08T22:02:00.422336+00:00" hostname="agent-env-4bd51fd0-aac7-42e0-9cee-556f34fb1198"><testcase classname="tests.test_contact_history.TestContactHistory" name="test_01_get_contacts_list" time="0.359" /><testcase classname="tests.test_contact_history.TestContactHistory" name="test_02_get_contact_history_endpoint_exists" time="0.291" /><testcase classname="tests.test_contact_history.TestContactHistory" name="test_03_contact_history_response_structure" time="0.331" /><testcase classname="tests.test_contact_history.TestContactHistory" name="test_04_contact_history_quotes_array" time="0.329" /><testcase classname="tests.test_contact_history.TestContactHistory" name="test_05_contact_history_invoices_array" time="0.324" /><testcase classname="tests.test_contact_history.TestContactHistory" name="test_06_contact_history_tasks_array" time="0.360" /><testcase classname="tests.test_contact_history.TestContactHistory" name="test_07_contact_history_nonexistent_contact" time="0.311" /><testcase classname="tests.test_contact_history.TestContactHistory" name="test_08_contact_history_summary_calculations" time="0.324" /><testcase classname="tests.test_contact_history.TestQuoteToInvoiceConversion" name="test_01_create_test_quote_for_conversion" time="0.334" /><testcase classname="tests.test_contact_history.TestQuoteToInvoiceConversion" name="test_02_send_quote_to_change_status" time="0.326" /><testcase classname="tests.test_contact_history.TestQuoteToInvoiceConversion" name="test_03_convert_quote_to_invoice" time="0.322" /><testcase classname="tests.test_contact_history.TestQuoteToInvoiceConversion" name="test_04_verify_quote_status_after_conversion" time="0.273" /><testcase classname="tests.test_contact_history.TestQuoteToInvoiceConversion" name="test_05_verify_invoice_created_from_quote" time="0.279" /><testcase classname="tests.test_contact_history.TestQuoteToInvoiceConversion" name="test_06_convert_nonexistent_quote" time="0.320" /><testcase classname="tests.test_contact_history.TestQuoteToInvoiceConversion" name="test_07_cleanup_test_data" time="0.289" /><testcase classname="tests.test_contact_history.TestContactWithHistory" name="test_01_create_test_contact" time="0.272" /><testcase classname="tests.test_contact_history.TestContactWithHistory" name="test_02_create_quote_for_contact" time="0.363" /><testcase classname="tests.test_contact_history.TestContactWithHistory" name="test_03_create_invoice_for_contact" time="0.267" /><testcase classname="tests.test_contact_history.TestContactWithHistory" name="test_04_create_task_for_contact" time="0.309" /><testcase classname="tests.test_contact_history.TestContactWithHistory" name="test_05_verify_contact_history_with_data" time="0.263" /><testcase classname="tests.test_contact_history.TestContactWithHistory" name="test_06_cleanup_test_data" time="0.407" /></testsuite></testsuites>