<?xml version="1.0" encoding="utf-8"?><testsuites name="pytest tests"><testsuite name="pytest" errors="0" failures="0" skipped="0" tests="21" time="3.538" timestamp="2026-01-29T04:24:36.946344+00:00" hostname="agent-env-10a4aa3c-21b7-43e4-94e7-77ef37073f91"><testcase classname="backend.tests.test_multilink_module.TestMultilinkThemes" name="test_get_themes_returns_all_presets" time="0.062" /><testcase classname="backend.tests.test_multilink_module.TestMultilinkPages" name="test_list_pages_requires_auth" time="0.042" /><testcase classname="backend.tests.test_multilink_module.TestMultilinkPages" name="test_list_pages_with_auth" time="0.310" /><testcase classname="backend.tests.test_multilink_module.TestMultilinkPages" name="test_create_page_with_auto_slug" time="0.085" /><testcase classname="backend.tests.test_multilink_module.TestMultilinkPages" name="test_create_page_with_custom_slug" time="0.074" /><testcase classname="backend.tests.test_multilink_module.TestMultilinkPages" name="test_create_page_duplicate_slug_fails" time="0.106" /><testcase classname="backend.tests.test_multilink_module.TestMultilinkPages" name="test_get_page_by_id" time="0.109" /><testcase classname="backend.tests.test_multilink_module.TestMultilinkPages" name="test_get_nonexistent_page_returns_404" time="0.036" /><testcase classname="backend.tests.test_multilink_module.TestMultilinkPages" name="test_update_page" time="0.208" /><testcase classname="backend.tests.test_multilink_module.TestMultilinkPages" name="test_delete_page" time="0.110" /><testcase classname="backend.tests.test_multilink_module.TestMultilinkLinks" name="test_create_link" time="0.330" /><testcase classname="backend.tests.test_multilink_module.TestMultilinkLinks" name="test_create_link_auto_order" time="0.104" /><testcase classname="backend.tests.test_multilink_module.TestMultilinkLinks" name="test_update_link" time="0.114" /><testcase classname="backend.tests.test_multilink_module.TestMultilinkLinks" name="test_delete_link" time="0.105" /><testcase classname="backend.tests.test_multilink_module.TestMultilinkLinks" name="test_reorder_links" time="0.335" /><testcase classname="backend.tests.test_multilink_module.TestMultilinkStats" name="test_get_page_stats" time="0.365" /><testcase classname="backend.tests.test_multilink_module.TestMultilinkPublic" name="test_get_public_page_existing" time="0.042" /><testcase classname="backend.tests.test_multilink_module.TestMultilinkPublic" name="test_get_public_page_nonexistent" time="0.035" /><testcase classname="backend.tests.test_multilink_module.TestMultilinkPublic" name="test_record_click" time="0.070" /><testcase classname="backend.tests.test_multilink_module.TestMultilinkPublic" name="test_record_click_invalid_link" time="0.034" /><testcase classname="backend.tests.test_multilink_module.TestMultilinkIntegration" name="test_full_page_workflow" time="0.807" /></testsuite></testsuites>